<?xml version="1.0" encoding="UTF-8"?>
<testsuites>
  <testsuite name="" tests="50" assertions="108" errors="0" warnings="0" failures="0" skipped="0" time="1.544083">
    <testsuite name="Project Test Suite" tests="50" assertions="108" errors="0" warnings="0" failures="0" skipped="0" time="1.544083">
      <testsuite name="App\Tests\Card\CardHandTest" file="/Applications/XAMPP/xamppfiles/htdocs/dbwebb-kurser/mvc/me/report/tests/Card/CardHandTest.php" tests="2" assertions="3" errors="0" warnings="0" failures="0" skipped="0" time="0.011926">
        <testcase name="testAddAndGetCards" class="App\Tests\Card\CardHandTest" classname="App.Tests.Card.CardHandTest" file="/Applications/XAMPP/xamppfiles/htdocs/dbwebb-kurser/mvc/me/report/tests/Card/CardHandTest.php" line="11" assertions="2" time="0.010661"/>
        <testcase name="testToString" class="App\Tests\Card\CardHandTest" classname="App.Tests.Card.CardHandTest" file="/Applications/XAMPP/xamppfiles/htdocs/dbwebb-kurser/mvc/me/report/tests/Card/CardHandTest.php" line="24" assertions="1" time="0.001265"/>
      </testsuite>
      <testsuite name="App\Tests\Card\CardTest" file="/Applications/XAMPP/xamppfiles/htdocs/dbwebb-kurser/mvc/me/report/tests/Card/CardTest.php" tests="2" assertions="4" errors="0" warnings="0" failures="0" skipped="0" time="0.000741">
        <testcase name="testCardCreation" class="App\Tests\Card\CardTest" classname="App.Tests.Card.CardTest" file="/Applications/XAMPP/xamppfiles/htdocs/dbwebb-kurser/mvc/me/report/tests/Card/CardTest.php" line="10" assertions="3" time="0.000386"/>
        <testcase name="testToString" class="App\Tests\Card\CardTest" classname="App.Tests.Card.CardTest" file="/Applications/XAMPP/xamppfiles/htdocs/dbwebb-kurser/mvc/me/report/tests/Card/CardTest.php" line="18" assertions="1" time="0.000354"/>
      </testsuite>
      <testsuite name="App\Tests\Card\DeckOfCardsTest" file="/Applications/XAMPP/xamppfiles/htdocs/dbwebb-kurser/mvc/me/report/tests/Card/DeckOfCardsTest.php" tests="4" assertions="8" errors="0" warnings="0" failures="0" skipped="0" time="0.014553">
        <testcase name="testDeckInitialization" class="App\Tests\Card\DeckOfCardsTest" classname="App.Tests.Card.DeckOfCardsTest" file="/Applications/XAMPP/xamppfiles/htdocs/dbwebb-kurser/mvc/me/report/tests/Card/DeckOfCardsTest.php" line="11" assertions="1" time="0.001198"/>
        <testcase name="testShuffle" class="App\Tests\Card\DeckOfCardsTest" classname="App.Tests.Card.DeckOfCardsTest" file="/Applications/XAMPP/xamppfiles/htdocs/dbwebb-kurser/mvc/me/report/tests/Card/DeckOfCardsTest.php" line="17" assertions="2" time="0.009222"/>
        <testcase name="testDeal" class="App\Tests\Card\DeckOfCardsTest" classname="App.Tests.Card.DeckOfCardsTest" file="/Applications/XAMPP/xamppfiles/htdocs/dbwebb-kurser/mvc/me/report/tests/Card/DeckOfCardsTest.php" line="27" assertions="3" time="0.000568"/>
        <testcase name="testSortCards" class="App\Tests\Card\DeckOfCardsTest" classname="App.Tests.Card.DeckOfCardsTest" file="/Applications/XAMPP/xamppfiles/htdocs/dbwebb-kurser/mvc/me/report/tests/Card/DeckOfCardsTest.php" line="36" assertions="2" time="0.003565"/>
      </testsuite>
      <testsuite name="App\Tests\Controller\CardControllerTest" file="/Applications/XAMPP/xamppfiles/htdocs/dbwebb-kurser/mvc/me/report/tests/Controller/CardControllerTest.php" tests="5" assertions="18" errors="0" warnings="0" failures="0" skipped="0" time="0.340688">
        <testcase name="testGetSortedDeck" class="App\Tests\Controller\CardControllerTest" classname="App.Tests.Controller.CardControllerTest" file="/Applications/XAMPP/xamppfiles/htdocs/dbwebb-kurser/mvc/me/report/tests/Controller/CardControllerTest.php" line="10" assertions="4" time="0.281395"/>
        <testcase name="testShuffleDeck" class="App\Tests\Controller\CardControllerTest" classname="App.Tests.Controller.CardControllerTest" file="/Applications/XAMPP/xamppfiles/htdocs/dbwebb-kurser/mvc/me/report/tests/Controller/CardControllerTest.php" line="32" assertions="3" time="0.018716"/>
        <testcase name="testDrawOneCard" class="App\Tests\Controller\CardControllerTest" classname="App.Tests.Controller.CardControllerTest" file="/Applications/XAMPP/xamppfiles/htdocs/dbwebb-kurser/mvc/me/report/tests/Controller/CardControllerTest.php" line="48" assertions="5" time="0.017648"/>
        <testcase name="testDrawCards" class="App\Tests\Controller\CardControllerTest" classname="App.Tests.Controller.CardControllerTest" file="/Applications/XAMPP/xamppfiles/htdocs/dbwebb-kurser/mvc/me/report/tests/Controller/CardControllerTest.php" line="70" assertions="5" time="0.015746"/>
        <testcase name="testMapSuitWithInvalidSuit" class="App\Tests\Controller\CardControllerTest" classname="App.Tests.Controller.CardControllerTest" file="/Applications/XAMPP/xamppfiles/htdocs/dbwebb-kurser/mvc/me/report/tests/Controller/CardControllerTest.php" line="92" assertions="1" time="0.007183"/>
      </testsuite>
      <testsuite name="App\Tests\Controller\CardGameControllerTest" file="/Applications/XAMPP/xamppfiles/htdocs/dbwebb-kurser/mvc/me/report/tests/Controller/CardGameControllerTest.php" tests="7" assertions="9" errors="0" warnings="0" failures="0" skipped="0" time="0.175486">
        <testcase name="testIndex" class="App\Tests\Controller\CardGameControllerTest" classname="App.Tests.Controller.CardGameControllerTest" file="/Applications/XAMPP/xamppfiles/htdocs/dbwebb-kurser/mvc/me/report/tests/Controller/CardGameControllerTest.php" line="10" assertions="1" time="0.048213"/>
        <testcase name="testShowDeck" class="App\Tests\Controller\CardGameControllerTest" classname="App.Tests.Controller.CardGameControllerTest" file="/Applications/XAMPP/xamppfiles/htdocs/dbwebb-kurser/mvc/me/report/tests/Controller/CardGameControllerTest.php" line="17" assertions="1" time="0.025391"/>
        <testcase name="testShuffleDeck" class="App\Tests\Controller\CardGameControllerTest" classname="App.Tests.Controller.CardGameControllerTest" file="/Applications/XAMPP/xamppfiles/htdocs/dbwebb-kurser/mvc/me/report/tests/Controller/CardGameControllerTest.php" line="24" assertions="1" time="0.026289"/>
        <testcase name="testDrawOneCard" class="App\Tests\Controller\CardGameControllerTest" classname="App.Tests.Controller.CardGameControllerTest" file="/Applications/XAMPP/xamppfiles/htdocs/dbwebb-kurser/mvc/me/report/tests/Controller/CardGameControllerTest.php" line="31" assertions="3" time="0.041418"/>
        <testcase name="testDrawCards" class="App\Tests\Controller\CardGameControllerTest" classname="App.Tests.Controller.CardGameControllerTest" file="/Applications/XAMPP/xamppfiles/htdocs/dbwebb-kurser/mvc/me/report/tests/Controller/CardGameControllerTest.php" line="40" assertions="1" time="0.025042"/>
        <testcase name="testMapSuitWithInvalidSuit" class="App\Tests\Controller\CardGameControllerTest" classname="App.Tests.Controller.CardGameControllerTest" file="/Applications/XAMPP/xamppfiles/htdocs/dbwebb-kurser/mvc/me/report/tests/Controller/CardGameControllerTest.php" line="47" assertions="1" time="0.006205"/>
        <testcase name="testMapSuitDefaultCase" class="App\Tests\Controller\CardGameControllerTest" classname="App.Tests.Controller.CardGameControllerTest" file="/Applications/XAMPP/xamppfiles/htdocs/dbwebb-kurser/mvc/me/report/tests/Controller/CardGameControllerTest.php" line="59" assertions="1" time="0.002928"/>
      </testsuite>
      <testsuite name="App\Tests\Controller\GameControllerTest" file="/Applications/XAMPP/xamppfiles/htdocs/dbwebb-kurser/mvc/me/report/tests/Controller/GameControllerTest.php" tests="10" assertions="12" errors="0" warnings="0" failures="0" skipped="0" time="0.716283">
        <testcase name="testIndex" class="App\Tests\Controller\GameControllerTest" classname="App.Tests.Controller.GameControllerTest" file="/Applications/XAMPP/xamppfiles/htdocs/dbwebb-kurser/mvc/me/report/tests/Controller/GameControllerTest.php" line="9" assertions="1" time="0.019716"/>
        <testcase name="testStartGame" class="App\Tests\Controller\GameControllerTest" classname="App.Tests.Controller.GameControllerTest" file="/Applications/XAMPP/xamppfiles/htdocs/dbwebb-kurser/mvc/me/report/tests/Controller/GameControllerTest.php" line="16" assertions="1" time="0.022095"/>
        <testcase name="testDrawCard" class="App\Tests\Controller\GameControllerTest" classname="App.Tests.Controller.GameControllerTest" file="/Applications/XAMPP/xamppfiles/htdocs/dbwebb-kurser/mvc/me/report/tests/Controller/GameControllerTest.php" line="23" assertions="1" time="0.021618"/>
        <testcase name="testDocumentation" class="App\Tests\Controller\GameControllerTest" classname="App.Tests.Controller.GameControllerTest" file="/Applications/XAMPP/xamppfiles/htdocs/dbwebb-kurser/mvc/me/report/tests/Controller/GameControllerTest.php" line="30" assertions="1" time="0.026395"/>
        <testcase name="testStandGame" class="App\Tests\Controller\GameControllerTest" classname="App.Tests.Controller.GameControllerTest" file="/Applications/XAMPP/xamppfiles/htdocs/dbwebb-kurser/mvc/me/report/tests/Controller/GameControllerTest.php" line="37" assertions="1" time="0.023853"/>
        <testcase name="testGetGameState" class="App\Tests\Controller\GameControllerTest" classname="App.Tests.Controller.GameControllerTest" file="/Applications/XAMPP/xamppfiles/htdocs/dbwebb-kurser/mvc/me/report/tests/Controller/GameControllerTest.php" line="44" assertions="2" time="0.014100"/>
        <testcase name="testDrawCardGameOver" class="App\Tests\Controller\GameControllerTest" classname="App.Tests.Controller.GameControllerTest" file="/Applications/XAMPP/xamppfiles/htdocs/dbwebb-kurser/mvc/me/report/tests/Controller/GameControllerTest.php" line="52" assertions="1" time="0.279970"/>
        <testcase name="testStandGameBankWins" class="App\Tests\Controller\GameControllerTest" classname="App.Tests.Controller.GameControllerTest" file="/Applications/XAMPP/xamppfiles/htdocs/dbwebb-kurser/mvc/me/report/tests/Controller/GameControllerTest.php" line="65" assertions="1" time="0.091845"/>
        <testcase name="testGetGameStateWithAllConditions" class="App\Tests\Controller\GameControllerTest" classname="App.Tests.Controller.GameControllerTest" file="/Applications/XAMPP/xamppfiles/htdocs/dbwebb-kurser/mvc/me/report/tests/Controller/GameControllerTest.php" line="78" assertions="2" time="0.107790"/>
        <testcase name="testPlayerWinsByBank" class="App\Tests\Controller\GameControllerTest" classname="App.Tests.Controller.GameControllerTest" file="/Applications/XAMPP/xamppfiles/htdocs/dbwebb-kurser/mvc/me/report/tests/Controller/GameControllerTest.php" line="102" assertions="1" time="0.108901"/>
      </testsuite>
      <testsuite name="App\Tests\Controller\LuckyControllerJsonTest" file="/Applications/XAMPP/xamppfiles/htdocs/dbwebb-kurser/mvc/me/report/tests/Controller/LuckyControllerJsonTest.php" tests="2" assertions="10" errors="0" warnings="0" failures="0" skipped="0" time="0.035802">
        <testcase name="testLandingPage" class="App\Tests\Controller\LuckyControllerJsonTest" classname="App.Tests.Controller.LuckyControllerJsonTest" file="/Applications/XAMPP/xamppfiles/htdocs/dbwebb-kurser/mvc/me/report/tests/Controller/LuckyControllerJsonTest.php" line="9" assertions="3" time="0.026523"/>
        <testcase name="testGetQuote" class="App\Tests\Controller\LuckyControllerJsonTest" classname="App.Tests.Controller.LuckyControllerJsonTest" file="/Applications/XAMPP/xamppfiles/htdocs/dbwebb-kurser/mvc/me/report/tests/Controller/LuckyControllerJsonTest.php" line="17" assertions="7" time="0.009279"/>
      </testsuite>
      <testsuite name="App\Tests\Controller\LuckyControllerTwigTest" file="/Applications/XAMPP/xamppfiles/htdocs/dbwebb-kurser/mvc/me/report/tests/Controller/LuckyControllerTwigTest.php" tests="4" assertions="13" errors="0" warnings="0" failures="0" skipped="0" time="0.080156">
        <testcase name="testHome" class="App\Tests\Controller\LuckyControllerTwigTest" classname="App.Tests.Controller.LuckyControllerTwigTest" file="/Applications/XAMPP/xamppfiles/htdocs/dbwebb-kurser/mvc/me/report/tests/Controller/LuckyControllerTwigTest.php" line="9" assertions="3" time="0.019464"/>
        <testcase name="testReport" class="App\Tests\Controller\LuckyControllerTwigTest" classname="App.Tests.Controller.LuckyControllerTwigTest" file="/Applications/XAMPP/xamppfiles/htdocs/dbwebb-kurser/mvc/me/report/tests/Controller/LuckyControllerTwigTest.php" line="17" assertions="3" time="0.022951"/>
        <testcase name="testAbout" class="App\Tests\Controller\LuckyControllerTwigTest" classname="App.Tests.Controller.LuckyControllerTwigTest" file="/Applications/XAMPP/xamppfiles/htdocs/dbwebb-kurser/mvc/me/report/tests/Controller/LuckyControllerTwigTest.php" line="25" assertions="3" time="0.018600"/>
        <testcase name="testLucky" class="App\Tests\Controller\LuckyControllerTwigTest" classname="App.Tests.Controller.LuckyControllerTwigTest" file="/Applications/XAMPP/xamppfiles/htdocs/dbwebb-kurser/mvc/me/report/tests/Controller/LuckyControllerTwigTest.php" line="33" assertions="4" time="0.019141"/>
      </testsuite>
      <testsuite name="App\Tests\Controller\SessionDebugControllerTest" file="/Applications/XAMPP/xamppfiles/htdocs/dbwebb-kurser/mvc/me/report/tests/Controller/SessionDebugTest.php" tests="2" assertions="9" errors="0" warnings="0" failures="0" skipped="0" time="0.073645">
        <testcase name="testIndex" class="App\Tests\Controller\SessionDebugControllerTest" classname="App.Tests.Controller.SessionDebugControllerTest" file="/Applications/XAMPP/xamppfiles/htdocs/dbwebb-kurser/mvc/me/report/tests/Controller/SessionDebugTest.php" line="9" assertions="4" time="0.019544"/>
        <testcase name="testDelete" class="App\Tests\Controller\SessionDebugControllerTest" classname="App.Tests.Controller.SessionDebugControllerTest" file="/Applications/XAMPP/xamppfiles/htdocs/dbwebb-kurser/mvc/me/report/tests/Controller/SessionDebugTest.php" line="18" assertions="5" time="0.054102"/>
      </testsuite>
      <testsuite name="App\Tests\Entity\BookTest" file="/Applications/XAMPP/xamppfiles/htdocs/dbwebb-kurser/mvc/me/report/tests/Entity/BookTest.php" tests="5" assertions="5" errors="0" warnings="0" failures="0" skipped="0" time="0.002819">
        <testcase name="testBookInstance" class="App\Tests\Entity\BookTest" classname="App.Tests.Entity.BookTest" file="/Applications/XAMPP/xamppfiles/htdocs/dbwebb-kurser/mvc/me/report/tests/Entity/BookTest.php" line="10" assertions="1" time="0.001182"/>
        <testcase name="testNameGetterAndSetter" class="App\Tests\Entity\BookTest" classname="App.Tests.Entity.BookTest" file="/Applications/XAMPP/xamppfiles/htdocs/dbwebb-kurser/mvc/me/report/tests/Entity/BookTest.php" line="17" assertions="1" time="0.000450"/>
        <testcase name="testAuthorGetterAndSetter" class="App\Tests\Entity\BookTest" classname="App.Tests.Entity.BookTest" file="/Applications/XAMPP/xamppfiles/htdocs/dbwebb-kurser/mvc/me/report/tests/Entity/BookTest.php" line="25" assertions="1" time="0.000420"/>
        <testcase name="testISBNGetterAndSetter" class="App\Tests\Entity\BookTest" classname="App.Tests.Entity.BookTest" file="/Applications/XAMPP/xamppfiles/htdocs/dbwebb-kurser/mvc/me/report/tests/Entity/BookTest.php" line="33" assertions="1" time="0.000379"/>
        <testcase name="testImageGetterAndSetter" class="App\Tests\Entity\BookTest" classname="App.Tests.Entity.BookTest" file="/Applications/XAMPP/xamppfiles/htdocs/dbwebb-kurser/mvc/me/report/tests/Entity/BookTest.php" line="41" assertions="1" time="0.000389"/>
      </testsuite>
      <testsuite name="App\Tests\Form\BookTypeTest" file="/Applications/XAMPP/xamppfiles/htdocs/dbwebb-kurser/mvc/me/report/tests/Form/BookTypeTest.php" tests="2" assertions="12" errors="0" warnings="0" failures="0" skipped="0" time="0.089855">
        <testcase name="testBuildForm" class="App\Tests\Form\BookTypeTest" classname="App.Tests.Form.BookTypeTest" file="/Applications/XAMPP/xamppfiles/htdocs/dbwebb-kurser/mvc/me/report/tests/Form/BookTypeTest.php" line="12" assertions="5" time="0.076764"/>
        <testcase name="testSubmitValidData" class="App\Tests\Form\BookTypeTest" classname="App.Tests.Form.BookTypeTest" file="/Applications/XAMPP/xamppfiles/htdocs/dbwebb-kurser/mvc/me/report/tests/Form/BookTypeTest.php" line="23" assertions="7" time="0.013091"/>
      </testsuite>
      <testsuite name="App\Tests\Entity\BookRepositoryTest" file="/Applications/XAMPP/xamppfiles/htdocs/dbwebb-kurser/mvc/me/report/tests/Repository/BookRepositoryTest.php" tests="5" assertions="5" errors="0" warnings="0" failures="0" skipped="0" time="0.002130">
        <testcase name="testBookInstance" class="App\Tests\Entity\BookRepositoryTest" classname="App.Tests.Entity.BookRepositoryTest" file="/Applications/XAMPP/xamppfiles/htdocs/dbwebb-kurser/mvc/me/report/tests/Repository/BookRepositoryTest.php" line="10" assertions="1" time="0.000396"/>
        <testcase name="testNameGetterAndSetter" class="App\Tests\Entity\BookRepositoryTest" classname="App.Tests.Entity.BookRepositoryTest" file="/Applications/XAMPP/xamppfiles/htdocs/dbwebb-kurser/mvc/me/report/tests/Repository/BookRepositoryTest.php" line="17" assertions="1" time="0.000453"/>
        <testcase name="testAuthorGetterAndSetter" class="App\Tests\Entity\BookRepositoryTest" classname="App.Tests.Entity.BookRepositoryTest" file="/Applications/XAMPP/xamppfiles/htdocs/dbwebb-kurser/mvc/me/report/tests/Repository/BookRepositoryTest.php" line="25" assertions="1" time="0.000446"/>
        <testcase name="testISBNGetterAndSetter" class="App\Tests\Entity\BookRepositoryTest" classname="App.Tests.Entity.BookRepositoryTest" file="/Applications/XAMPP/xamppfiles/htdocs/dbwebb-kurser/mvc/me/report/tests/Repository/BookRepositoryTest.php" line="33" assertions="1" time="0.000434"/>
        <testcase name="testImageGetterAndSetter" class="App\Tests\Entity\BookRepositoryTest" classname="App.Tests.Entity.BookRepositoryTest" file="/Applications/XAMPP/xamppfiles/htdocs/dbwebb-kurser/mvc/me/report/tests/Repository/BookRepositoryTest.php" line="41" assertions="1" time="0.000401"/>
      </testsuite>
    </testsuite>
  </testsuite>
</testsuites>
