<?xml version="1.0" encoding="UTF-8"?>
<testsuites>
  <testsuite name="" tests="76" assertions="151" errors="0" warnings="0" failures="0" skipped="0" time="3.309950">
    <testsuite name="Project Test Suite" tests="76" assertions="151" errors="0" warnings="0" failures="0" skipped="0" time="3.309950">
      <testsuite name="App\Tests\Card\CardHandTest" file="/Applications/XAMPP/xamppfiles/htdocs/dbwebb-kurser/mvc/me/report/tests/Card/CardHandTest.php" tests="2" assertions="3" errors="0" warnings="0" failures="0" skipped="0" time="0.018813">
        <testcase name="testAddAndGetCards" class="App\Tests\Card\CardHandTest" classname="App.Tests.Card.CardHandTest" file="/Applications/XAMPP/xamppfiles/htdocs/dbwebb-kurser/mvc/me/report/tests/Card/CardHandTest.php" line="11" assertions="2" time="0.017008"/>
        <testcase name="testToString" class="App\Tests\Card\CardHandTest" classname="App.Tests.Card.CardHandTest" file="/Applications/XAMPP/xamppfiles/htdocs/dbwebb-kurser/mvc/me/report/tests/Card/CardHandTest.php" line="24" assertions="1" time="0.001806"/>
      </testsuite>
      <testsuite name="App\Tests\Card\CardTest" file="/Applications/XAMPP/xamppfiles/htdocs/dbwebb-kurser/mvc/me/report/tests/Card/CardTest.php" tests="2" assertions="4" errors="0" warnings="0" failures="0" skipped="0" time="0.001427">
        <testcase name="testCardCreation" class="App\Tests\Card\CardTest" classname="App.Tests.Card.CardTest" file="/Applications/XAMPP/xamppfiles/htdocs/dbwebb-kurser/mvc/me/report/tests/Card/CardTest.php" line="10" assertions="3" time="0.000696"/>
        <testcase name="testToString" class="App\Tests\Card\CardTest" classname="App.Tests.Card.CardTest" file="/Applications/XAMPP/xamppfiles/htdocs/dbwebb-kurser/mvc/me/report/tests/Card/CardTest.php" line="18" assertions="1" time="0.000730"/>
      </testsuite>
      <testsuite name="App\Tests\Card\DeckOfCardsTest" file="/Applications/XAMPP/xamppfiles/htdocs/dbwebb-kurser/mvc/me/report/tests/Card/DeckOfCardsTest.php" tests="4" assertions="8" errors="0" warnings="0" failures="0" skipped="0" time="0.025358">
        <testcase name="testDeckInitialization" class="App\Tests\Card\DeckOfCardsTest" classname="App.Tests.Card.DeckOfCardsTest" file="/Applications/XAMPP/xamppfiles/htdocs/dbwebb-kurser/mvc/me/report/tests/Card/DeckOfCardsTest.php" line="11" assertions="1" time="0.002696"/>
        <testcase name="testShuffle" class="App\Tests\Card\DeckOfCardsTest" classname="App.Tests.Card.DeckOfCardsTest" file="/Applications/XAMPP/xamppfiles/htdocs/dbwebb-kurser/mvc/me/report/tests/Card/DeckOfCardsTest.php" line="17" assertions="2" time="0.014204"/>
        <testcase name="testDeal" class="App\Tests\Card\DeckOfCardsTest" classname="App.Tests.Card.DeckOfCardsTest" file="/Applications/XAMPP/xamppfiles/htdocs/dbwebb-kurser/mvc/me/report/tests/Card/DeckOfCardsTest.php" line="27" assertions="3" time="0.002400"/>
        <testcase name="testSortCards" class="App\Tests\Card\DeckOfCardsTest" classname="App.Tests.Card.DeckOfCardsTest" file="/Applications/XAMPP/xamppfiles/htdocs/dbwebb-kurser/mvc/me/report/tests/Card/DeckOfCardsTest.php" line="36" assertions="2" time="0.006058"/>
      </testsuite>
      <testsuite name="App\Tests\Controller\CardControllerTest" file="/Applications/XAMPP/xamppfiles/htdocs/dbwebb-kurser/mvc/me/report/tests/Controller/CardControllerTest.php" tests="5" assertions="18" errors="0" warnings="0" failures="0" skipped="0" time="1.057263">
        <testcase name="testGetSortedDeck" class="App\Tests\Controller\CardControllerTest" classname="App.Tests.Controller.CardControllerTest" file="/Applications/XAMPP/xamppfiles/htdocs/dbwebb-kurser/mvc/me/report/tests/Controller/CardControllerTest.php" line="10" assertions="4" time="0.944976"/>
        <testcase name="testShuffleDeck" class="App\Tests\Controller\CardControllerTest" classname="App.Tests.Controller.CardControllerTest" file="/Applications/XAMPP/xamppfiles/htdocs/dbwebb-kurser/mvc/me/report/tests/Controller/CardControllerTest.php" line="32" assertions="3" time="0.063108"/>
        <testcase name="testDrawOneCard" class="App\Tests\Controller\CardControllerTest" classname="App.Tests.Controller.CardControllerTest" file="/Applications/XAMPP/xamppfiles/htdocs/dbwebb-kurser/mvc/me/report/tests/Controller/CardControllerTest.php" line="48" assertions="5" time="0.020385"/>
        <testcase name="testDrawCards" class="App\Tests\Controller\CardControllerTest" classname="App.Tests.Controller.CardControllerTest" file="/Applications/XAMPP/xamppfiles/htdocs/dbwebb-kurser/mvc/me/report/tests/Controller/CardControllerTest.php" line="70" assertions="5" time="0.019442"/>
        <testcase name="testMapSuitWithInvalidSuit" class="App\Tests\Controller\CardControllerTest" classname="App.Tests.Controller.CardControllerTest" file="/Applications/XAMPP/xamppfiles/htdocs/dbwebb-kurser/mvc/me/report/tests/Controller/CardControllerTest.php" line="92" assertions="1" time="0.009352"/>
      </testsuite>
      <testsuite name="App\Tests\Controller\CardGameControllerTest" file="/Applications/XAMPP/xamppfiles/htdocs/dbwebb-kurser/mvc/me/report/tests/Controller/CardGameControllerTest.php" tests="7" assertions="9" errors="0" warnings="0" failures="0" skipped="0" time="0.285836">
        <testcase name="testIndex" class="App\Tests\Controller\CardGameControllerTest" classname="App.Tests.Controller.CardGameControllerTest" file="/Applications/XAMPP/xamppfiles/htdocs/dbwebb-kurser/mvc/me/report/tests/Controller/CardGameControllerTest.php" line="10" assertions="1" time="0.113651"/>
        <testcase name="testShowDeck" class="App\Tests\Controller\CardGameControllerTest" classname="App.Tests.Controller.CardGameControllerTest" file="/Applications/XAMPP/xamppfiles/htdocs/dbwebb-kurser/mvc/me/report/tests/Controller/CardGameControllerTest.php" line="17" assertions="1" time="0.033161"/>
        <testcase name="testShuffleDeck" class="App\Tests\Controller\CardGameControllerTest" classname="App.Tests.Controller.CardGameControllerTest" file="/Applications/XAMPP/xamppfiles/htdocs/dbwebb-kurser/mvc/me/report/tests/Controller/CardGameControllerTest.php" line="24" assertions="1" time="0.037794"/>
        <testcase name="testDrawOneCard" class="App\Tests\Controller\CardGameControllerTest" classname="App.Tests.Controller.CardGameControllerTest" file="/Applications/XAMPP/xamppfiles/htdocs/dbwebb-kurser/mvc/me/report/tests/Controller/CardGameControllerTest.php" line="31" assertions="3" time="0.057808"/>
        <testcase name="testDrawCards" class="App\Tests\Controller\CardGameControllerTest" classname="App.Tests.Controller.CardGameControllerTest" file="/Applications/XAMPP/xamppfiles/htdocs/dbwebb-kurser/mvc/me/report/tests/Controller/CardGameControllerTest.php" line="40" assertions="1" time="0.030572"/>
        <testcase name="testMapSuitWithInvalidSuit" class="App\Tests\Controller\CardGameControllerTest" classname="App.Tests.Controller.CardGameControllerTest" file="/Applications/XAMPP/xamppfiles/htdocs/dbwebb-kurser/mvc/me/report/tests/Controller/CardGameControllerTest.php" line="47" assertions="1" time="0.010362"/>
        <testcase name="testMapSuitDefaultCase" class="App\Tests\Controller\CardGameControllerTest" classname="App.Tests.Controller.CardGameControllerTest" file="/Applications/XAMPP/xamppfiles/htdocs/dbwebb-kurser/mvc/me/report/tests/Controller/CardGameControllerTest.php" line="59" assertions="1" time="0.002488"/>
      </testsuite>
      <testsuite name="App\Tests\Controller\GameControllerTest" file="/Applications/XAMPP/xamppfiles/htdocs/dbwebb-kurser/mvc/me/report/tests/Controller/GameControllerTest.php" tests="10" assertions="12" errors="0" warnings="0" failures="0" skipped="0" time="0.874976">
        <testcase name="testIndex" class="App\Tests\Controller\GameControllerTest" classname="App.Tests.Controller.GameControllerTest" file="/Applications/XAMPP/xamppfiles/htdocs/dbwebb-kurser/mvc/me/report/tests/Controller/GameControllerTest.php" line="9" assertions="1" time="0.028191"/>
        <testcase name="testStartGame" class="App\Tests\Controller\GameControllerTest" classname="App.Tests.Controller.GameControllerTest" file="/Applications/XAMPP/xamppfiles/htdocs/dbwebb-kurser/mvc/me/report/tests/Controller/GameControllerTest.php" line="16" assertions="1" time="0.024851"/>
        <testcase name="testDrawCard" class="App\Tests\Controller\GameControllerTest" classname="App.Tests.Controller.GameControllerTest" file="/Applications/XAMPP/xamppfiles/htdocs/dbwebb-kurser/mvc/me/report/tests/Controller/GameControllerTest.php" line="23" assertions="1" time="0.026345"/>
        <testcase name="testDocumentation" class="App\Tests\Controller\GameControllerTest" classname="App.Tests.Controller.GameControllerTest" file="/Applications/XAMPP/xamppfiles/htdocs/dbwebb-kurser/mvc/me/report/tests/Controller/GameControllerTest.php" line="30" assertions="1" time="0.034201"/>
        <testcase name="testStandGame" class="App\Tests\Controller\GameControllerTest" classname="App.Tests.Controller.GameControllerTest" file="/Applications/XAMPP/xamppfiles/htdocs/dbwebb-kurser/mvc/me/report/tests/Controller/GameControllerTest.php" line="37" assertions="1" time="0.028378"/>
        <testcase name="testGetGameState" class="App\Tests\Controller\GameControllerTest" classname="App.Tests.Controller.GameControllerTest" file="/Applications/XAMPP/xamppfiles/htdocs/dbwebb-kurser/mvc/me/report/tests/Controller/GameControllerTest.php" line="44" assertions="2" time="0.017053"/>
        <testcase name="testDrawCardGameOver" class="App\Tests\Controller\GameControllerTest" classname="App.Tests.Controller.GameControllerTest" file="/Applications/XAMPP/xamppfiles/htdocs/dbwebb-kurser/mvc/me/report/tests/Controller/GameControllerTest.php" line="52" assertions="1" time="0.363552"/>
        <testcase name="testStandGameBankWins" class="App\Tests\Controller\GameControllerTest" classname="App.Tests.Controller.GameControllerTest" file="/Applications/XAMPP/xamppfiles/htdocs/dbwebb-kurser/mvc/me/report/tests/Controller/GameControllerTest.php" line="65" assertions="1" time="0.115373"/>
        <testcase name="testGetGameStateWithAllConditions" class="App\Tests\Controller\GameControllerTest" classname="App.Tests.Controller.GameControllerTest" file="/Applications/XAMPP/xamppfiles/htdocs/dbwebb-kurser/mvc/me/report/tests/Controller/GameControllerTest.php" line="78" assertions="2" time="0.126245"/>
        <testcase name="testPlayerWinsByBank" class="App\Tests\Controller\GameControllerTest" classname="App.Tests.Controller.GameControllerTest" file="/Applications/XAMPP/xamppfiles/htdocs/dbwebb-kurser/mvc/me/report/tests/Controller/GameControllerTest.php" line="102" assertions="1" time="0.110787"/>
      </testsuite>
      <testsuite name="App\Tests\Controller\LuckyControllerJsonTest" file="/Applications/XAMPP/xamppfiles/htdocs/dbwebb-kurser/mvc/me/report/tests/Controller/LuckyControllerJsonTest.php" tests="2" assertions="10" errors="0" warnings="0" failures="0" skipped="0" time="0.039515">
        <testcase name="testLandingPage" class="App\Tests\Controller\LuckyControllerJsonTest" classname="App.Tests.Controller.LuckyControllerJsonTest" file="/Applications/XAMPP/xamppfiles/htdocs/dbwebb-kurser/mvc/me/report/tests/Controller/LuckyControllerJsonTest.php" line="9" assertions="3" time="0.030880"/>
        <testcase name="testGetQuote" class="App\Tests\Controller\LuckyControllerJsonTest" classname="App.Tests.Controller.LuckyControllerJsonTest" file="/Applications/XAMPP/xamppfiles/htdocs/dbwebb-kurser/mvc/me/report/tests/Controller/LuckyControllerJsonTest.php" line="17" assertions="7" time="0.008635"/>
      </testsuite>
      <testsuite name="App\Tests\Controller\LuckyControllerTwigTest" file="/Applications/XAMPP/xamppfiles/htdocs/dbwebb-kurser/mvc/me/report/tests/Controller/LuckyControllerTwigTest.php" tests="4" assertions="13" errors="0" warnings="0" failures="0" skipped="0" time="0.088302">
        <testcase name="testHome" class="App\Tests\Controller\LuckyControllerTwigTest" classname="App.Tests.Controller.LuckyControllerTwigTest" file="/Applications/XAMPP/xamppfiles/htdocs/dbwebb-kurser/mvc/me/report/tests/Controller/LuckyControllerTwigTest.php" line="9" assertions="3" time="0.022529"/>
        <testcase name="testReport" class="App\Tests\Controller\LuckyControllerTwigTest" classname="App.Tests.Controller.LuckyControllerTwigTest" file="/Applications/XAMPP/xamppfiles/htdocs/dbwebb-kurser/mvc/me/report/tests/Controller/LuckyControllerTwigTest.php" line="17" assertions="3" time="0.025971"/>
        <testcase name="testAbout" class="App\Tests\Controller\LuckyControllerTwigTest" classname="App.Tests.Controller.LuckyControllerTwigTest" file="/Applications/XAMPP/xamppfiles/htdocs/dbwebb-kurser/mvc/me/report/tests/Controller/LuckyControllerTwigTest.php" line="25" assertions="3" time="0.021070"/>
        <testcase name="testLucky" class="App\Tests\Controller\LuckyControllerTwigTest" classname="App.Tests.Controller.LuckyControllerTwigTest" file="/Applications/XAMPP/xamppfiles/htdocs/dbwebb-kurser/mvc/me/report/tests/Controller/LuckyControllerTwigTest.php" line="33" assertions="4" time="0.018732"/>
      </testsuite>
      <testsuite name="App\Tests\Controller\MetricControllerTest" file="/Applications/XAMPP/xamppfiles/htdocs/dbwebb-kurser/mvc/me/report/tests/Controller/MetricControllerTest.php" tests="2" assertions="2" errors="0" warnings="0" failures="0" skipped="0" time="0.059589">
        <testcase name="testMetricRoute" class="App\Tests\Controller\MetricControllerTest" classname="App.Tests.Controller.MetricControllerTest" file="/Applications/XAMPP/xamppfiles/htdocs/dbwebb-kurser/mvc/me/report/tests/Controller/MetricControllerTest.php" line="9" assertions="1" time="0.035896"/>
        <testcase name="testMetricTemplateRendering" class="App\Tests\Controller\MetricControllerTest" classname="App.Tests.Controller.MetricControllerTest" file="/Applications/XAMPP/xamppfiles/htdocs/dbwebb-kurser/mvc/me/report/tests/Controller/MetricControllerTest.php" line="18" assertions="1" time="0.023693"/>
      </testsuite>
      <testsuite name="App\Tests\Controller\SessionDebugControllerTest" file="/Applications/XAMPP/xamppfiles/htdocs/dbwebb-kurser/mvc/me/report/tests/Controller/SessionDebugTest.php" tests="2" assertions="9" errors="0" warnings="0" failures="0" skipped="0" time="0.090865">
        <testcase name="testIndex" class="App\Tests\Controller\SessionDebugControllerTest" classname="App.Tests.Controller.SessionDebugControllerTest" file="/Applications/XAMPP/xamppfiles/htdocs/dbwebb-kurser/mvc/me/report/tests/Controller/SessionDebugTest.php" line="9" assertions="4" time="0.025049"/>
        <testcase name="testDelete" class="App\Tests\Controller\SessionDebugControllerTest" classname="App.Tests.Controller.SessionDebugControllerTest" file="/Applications/XAMPP/xamppfiles/htdocs/dbwebb-kurser/mvc/me/report/tests/Controller/SessionDebugTest.php" line="18" assertions="5" time="0.065816"/>
      </testsuite>
      <testsuite name="App\Tests\Entity\BookTest" file="/Applications/XAMPP/xamppfiles/htdocs/dbwebb-kurser/mvc/me/report/tests/Entity/BookTest.php" tests="5" assertions="5" errors="0" warnings="0" failures="0" skipped="0" time="0.003688">
        <testcase name="testBookInstance" class="App\Tests\Entity\BookTest" classname="App.Tests.Entity.BookTest" file="/Applications/XAMPP/xamppfiles/htdocs/dbwebb-kurser/mvc/me/report/tests/Entity/BookTest.php" line="10" assertions="1" time="0.002041"/>
        <testcase name="testNameGetterAndSetter" class="App\Tests\Entity\BookTest" classname="App.Tests.Entity.BookTest" file="/Applications/XAMPP/xamppfiles/htdocs/dbwebb-kurser/mvc/me/report/tests/Entity/BookTest.php" line="17" assertions="1" time="0.000462"/>
        <testcase name="testAuthorGetterAndSetter" class="App\Tests\Entity\BookTest" classname="App.Tests.Entity.BookTest" file="/Applications/XAMPP/xamppfiles/htdocs/dbwebb-kurser/mvc/me/report/tests/Entity/BookTest.php" line="25" assertions="1" time="0.000431"/>
        <testcase name="testISBNGetterAndSetter" class="App\Tests\Entity\BookTest" classname="App.Tests.Entity.BookTest" file="/Applications/XAMPP/xamppfiles/htdocs/dbwebb-kurser/mvc/me/report/tests/Entity/BookTest.php" line="33" assertions="1" time="0.000382"/>
        <testcase name="testImageGetterAndSetter" class="App\Tests\Entity\BookTest" classname="App.Tests.Entity.BookTest" file="/Applications/XAMPP/xamppfiles/htdocs/dbwebb-kurser/mvc/me/report/tests/Entity/BookTest.php" line="41" assertions="1" time="0.000371"/>
      </testsuite>
      <testsuite name="App\Tests\Form\BookTypeTest" file="/Applications/XAMPP/xamppfiles/htdocs/dbwebb-kurser/mvc/me/report/tests/Form/BookTypeTest.php" tests="2" assertions="12" errors="0" warnings="0" failures="0" skipped="0" time="0.312010">
        <testcase name="testBuildForm" class="App\Tests\Form\BookTypeTest" classname="App.Tests.Form.BookTypeTest" file="/Applications/XAMPP/xamppfiles/htdocs/dbwebb-kurser/mvc/me/report/tests/Form/BookTypeTest.php" line="12" assertions="5" time="0.189254"/>
        <testcase name="testSubmitValidData" class="App\Tests\Form\BookTypeTest" classname="App.Tests.Form.BookTypeTest" file="/Applications/XAMPP/xamppfiles/htdocs/dbwebb-kurser/mvc/me/report/tests/Form/BookTypeTest.php" line="23" assertions="7" time="0.122756"/>
      </testsuite>
      <testsuite name="Tests\App\Proj\AccessControlServiceTest" file="/Applications/XAMPP/xamppfiles/htdocs/dbwebb-kurser/mvc/me/report/tests/Proj/AccessControlServiceTest.php" tests="4" assertions="4" errors="0" warnings="0" failures="0" skipped="0" time="0.020214">
        <testcase name="testCheckNoAccessToRoom2" class="Tests\App\Proj\AccessControlServiceTest" classname="Tests.App.Proj.AccessControlServiceTest" file="/Applications/XAMPP/xamppfiles/htdocs/dbwebb-kurser/mvc/me/report/tests/Proj/AccessControlServiceTest.php" line="20" assertions="1" time="0.017740"/>
        <testcase name="testCheckNoAccessToRoom3" class="Tests\App\Proj\AccessControlServiceTest" classname="Tests.App.Proj.AccessControlServiceTest" file="/Applications/XAMPP/xamppfiles/htdocs/dbwebb-kurser/mvc/me/report/tests/Proj/AccessControlServiceTest.php" line="32" assertions="1" time="0.000737"/>
        <testcase name="testCheckNoAccessToRoom4" class="Tests\App\Proj\AccessControlServiceTest" classname="Tests.App.Proj.AccessControlServiceTest" file="/Applications/XAMPP/xamppfiles/htdocs/dbwebb-kurser/mvc/me/report/tests/Proj/AccessControlServiceTest.php" line="44" assertions="1" time="0.000797"/>
        <testcase name="testCheckNoAccessToRoom5" class="Tests\App\Proj\AccessControlServiceTest" classname="Tests.App.Proj.AccessControlServiceTest" file="/Applications/XAMPP/xamppfiles/htdocs/dbwebb-kurser/mvc/me/report/tests/Proj/AccessControlServiceTest.php" line="56" assertions="1" time="0.000940"/>
      </testsuite>
      <testsuite name="App\Tests\Proj\GameServiceTest" file="/Applications/XAMPP/xamppfiles/htdocs/dbwebb-kurser/mvc/me/report/tests/Proj/GameServiceTest.php" tests="5" assertions="5" errors="0" warnings="0" failures="0" skipped="0" time="0.003318">
        <testcase name="testGetCurrentRoom" class="App\Tests\Proj\GameServiceTest" classname="App.Tests.Proj.GameServiceTest" file="/Applications/XAMPP/xamppfiles/htdocs/dbwebb-kurser/mvc/me/report/tests/Proj/GameServiceTest.php" line="10" assertions="1" time="0.001630"/>
        <testcase name="testSetCurrentRoom" class="App\Tests\Proj\GameServiceTest" classname="App.Tests.Proj.GameServiceTest" file="/Applications/XAMPP/xamppfiles/htdocs/dbwebb-kurser/mvc/me/report/tests/Proj/GameServiceTest.php" line="16" assertions="1" time="0.000497"/>
        <testcase name="testGetAvailableDirections" class="App\Tests\Proj\GameServiceTest" classname="App.Tests.Proj.GameServiceTest" file="/Applications/XAMPP/xamppfiles/htdocs/dbwebb-kurser/mvc/me/report/tests/Proj/GameServiceTest.php" line="23" assertions="1" time="0.000397"/>
        <testcase name="testMoveToValidDirection" class="App\Tests\Proj\GameServiceTest" classname="App.Tests.Proj.GameServiceTest" file="/Applications/XAMPP/xamppfiles/htdocs/dbwebb-kurser/mvc/me/report/tests/Proj/GameServiceTest.php" line="30" assertions="1" time="0.000381"/>
        <testcase name="testMoveToInvalidDirection" class="App\Tests\Proj\GameServiceTest" classname="App.Tests.Proj.GameServiceTest" file="/Applications/XAMPP/xamppfiles/htdocs/dbwebb-kurser/mvc/me/report/tests/Proj/GameServiceTest.php" line="37" assertions="1" time="0.000413"/>
      </testsuite>
      <testsuite name="App\Tests\Proj\ItemServiceTest" file="/Applications/XAMPP/xamppfiles/htdocs/dbwebb-kurser/mvc/me/report/tests/Proj/ItemServiceTest.php" tests="3" assertions="3" errors="0" warnings="0" failures="0" skipped="0" time="0.009298">
        <testcase name="testAddItemToPlayer_RyggsackFull" class="App\Tests\Proj\ItemServiceTest" classname="App.Tests.Proj.ItemServiceTest" file="/Applications/XAMPP/xamppfiles/htdocs/dbwebb-kurser/mvc/me/report/tests/Proj/ItemServiceTest.php" line="22" assertions="1" time="0.007053"/>
        <testcase name="testGetPlayerItems" class="App\Tests\Proj\ItemServiceTest" classname="App.Tests.Proj.ItemServiceTest" file="/Applications/XAMPP/xamppfiles/htdocs/dbwebb-kurser/mvc/me/report/tests/Proj/ItemServiceTest.php" line="35" assertions="1" time="0.001052"/>
        <testcase name="testPlayerHasItem" class="App\Tests\Proj\ItemServiceTest" classname="App.Tests.Proj.ItemServiceTest" file="/Applications/XAMPP/xamppfiles/htdocs/dbwebb-kurser/mvc/me/report/tests/Proj/ItemServiceTest.php" line="48" assertions="1" time="0.001193"/>
      </testsuite>
      <testsuite name="App\Tests\Controller\ProjControllerJsonTest" file="/Applications/XAMPP/xamppfiles/htdocs/dbwebb-kurser/mvc/me/report/tests/Proj/ProjControllerJsonTest.php" tests="6" assertions="13" errors="0" warnings="0" failures="0" skipped="0" time="0.291609">
        <testcase name="testApiHome" class="App\Tests\Controller\ProjControllerJsonTest" classname="App.Tests.Controller.ProjControllerJsonTest" file="/Applications/XAMPP/xamppfiles/htdocs/dbwebb-kurser/mvc/me/report/tests/Proj/ProjControllerJsonTest.php" line="9" assertions="3" time="0.032671"/>
        <testcase name="testGetAllItemsFromJson" class="App\Tests\Controller\ProjControllerJsonTest" classname="App.Tests.Controller.ProjControllerJsonTest" file="/Applications/XAMPP/xamppfiles/htdocs/dbwebb-kurser/mvc/me/report/tests/Proj/ProjControllerJsonTest.php" line="18" assertions="2" time="0.010165"/>
        <testcase name="testGetAllButtonsFromJson" class="App\Tests\Controller\ProjControllerJsonTest" classname="App.Tests.Controller.ProjControllerJsonTest" file="/Applications/XAMPP/xamppfiles/htdocs/dbwebb-kurser/mvc/me/report/tests/Proj/ProjControllerJsonTest.php" line="27" assertions="2" time="0.009025"/>
        <testcase name="testGetAllPlayers" class="App\Tests\Controller\ProjControllerJsonTest" classname="App.Tests.Controller.ProjControllerJsonTest" file="/Applications/XAMPP/xamppfiles/htdocs/dbwebb-kurser/mvc/me/report/tests/Proj/ProjControllerJsonTest.php" line="36" assertions="2" time="0.180948"/>
        <testcase name="testAddItemToPlayer" class="App\Tests\Controller\ProjControllerJsonTest" classname="App.Tests.Controller.ProjControllerJsonTest" file="/Applications/XAMPP/xamppfiles/htdocs/dbwebb-kurser/mvc/me/report/tests/Proj/ProjControllerJsonTest.php" line="45" assertions="2" time="0.038482"/>
        <testcase name="testRemoveItemFromPlayer" class="App\Tests\Controller\ProjControllerJsonTest" classname="App.Tests.Controller.ProjControllerJsonTest" file="/Applications/XAMPP/xamppfiles/htdocs/dbwebb-kurser/mvc/me/report/tests/Proj/ProjControllerJsonTest.php" line="54" assertions="2" time="0.020318"/>
      </testsuite>
      <testsuite name="App\Tests\Controller\ProjControllerTest" file="/Applications/XAMPP/xamppfiles/htdocs/dbwebb-kurser/mvc/me/report/tests/Proj/ProjControllerTest.php" tests="6" assertions="16" errors="0" warnings="0" failures="0" skipped="0" time="0.125882">
        <testcase name="testIndex" class="App\Tests\Controller\ProjControllerTest" classname="App.Tests.Controller.ProjControllerTest" file="/Applications/XAMPP/xamppfiles/htdocs/dbwebb-kurser/mvc/me/report/tests/Proj/ProjControllerTest.php" line="11" assertions="3" time="0.023831"/>
        <testcase name="testAbout" class="App\Tests\Controller\ProjControllerTest" classname="App.Tests.Controller.ProjControllerTest" file="/Applications/XAMPP/xamppfiles/htdocs/dbwebb-kurser/mvc/me/report/tests/Proj/ProjControllerTest.php" line="19" assertions="3" time="0.022794"/>
        <testcase name="testAboutDatabase" class="App\Tests\Controller\ProjControllerTest" classname="App.Tests.Controller.ProjControllerTest" file="/Applications/XAMPP/xamppfiles/htdocs/dbwebb-kurser/mvc/me/report/tests/Proj/ProjControllerTest.php" line="27" assertions="3" time="0.021317"/>
        <testcase name="testDocumentation" class="App\Tests\Controller\ProjControllerTest" classname="App.Tests.Controller.ProjControllerTest" file="/Applications/XAMPP/xamppfiles/htdocs/dbwebb-kurser/mvc/me/report/tests/Proj/ProjControllerTest.php" line="35" assertions="3" time="0.022116"/>
        <testcase name="testStartGame" class="App\Tests\Controller\ProjControllerTest" classname="App.Tests.Controller.ProjControllerTest" file="/Applications/XAMPP/xamppfiles/htdocs/dbwebb-kurser/mvc/me/report/tests/Proj/ProjControllerTest.php" line="43" assertions="2" time="0.016683"/>
        <testcase name="testMove" class="App\Tests\Controller\ProjControllerTest" classname="App.Tests.Controller.ProjControllerTest" file="/Applications/XAMPP/xamppfiles/htdocs/dbwebb-kurser/mvc/me/report/tests/Proj/ProjControllerTest.php" line="52" assertions="2" time="0.019140"/>
      </testsuite>
      <testsuite name="App\Tests\Entity\BookRepositoryTest" file="/Applications/XAMPP/xamppfiles/htdocs/dbwebb-kurser/mvc/me/report/tests/Repository/BookRepositoryTest.php" tests="5" assertions="5" errors="0" warnings="0" failures="0" skipped="0" time="0.001988">
        <testcase name="testBookInstance" class="App\Tests\Entity\BookRepositoryTest" classname="App.Tests.Entity.BookRepositoryTest" file="/Applications/XAMPP/xamppfiles/htdocs/dbwebb-kurser/mvc/me/report/tests/Repository/BookRepositoryTest.php" line="10" assertions="1" time="0.000394"/>
        <testcase name="testNameGetterAndSetter" class="App\Tests\Entity\BookRepositoryTest" classname="App.Tests.Entity.BookRepositoryTest" file="/Applications/XAMPP/xamppfiles/htdocs/dbwebb-kurser/mvc/me/report/tests/Repository/BookRepositoryTest.php" line="17" assertions="1" time="0.000414"/>
        <testcase name="testAuthorGetterAndSetter" class="App\Tests\Entity\BookRepositoryTest" classname="App.Tests.Entity.BookRepositoryTest" file="/Applications/XAMPP/xamppfiles/htdocs/dbwebb-kurser/mvc/me/report/tests/Repository/BookRepositoryTest.php" line="25" assertions="1" time="0.000389"/>
        <testcase name="testISBNGetterAndSetter" class="App\Tests\Entity\BookRepositoryTest" classname="App.Tests.Entity.BookRepositoryTest" file="/Applications/XAMPP/xamppfiles/htdocs/dbwebb-kurser/mvc/me/report/tests/Repository/BookRepositoryTest.php" line="33" assertions="1" time="0.000416"/>
        <testcase name="testImageGetterAndSetter" class="App\Tests\Entity\BookRepositoryTest" classname="App.Tests.Entity.BookRepositoryTest" file="/Applications/XAMPP/xamppfiles/htdocs/dbwebb-kurser/mvc/me/report/tests/Repository/BookRepositoryTest.php" line="41" assertions="1" time="0.000376"/>
      </testsuite>
    </testsuite>
  </testsuite>
</testsuites>
