<?xml version="1.0" encoding="UTF-8"?>
<testsuites>
  <testsuite name="" tests="50" assertions="108" errors="0" warnings="0" failures="0" skipped="0" time="2.415336">
    <testsuite name="Project Test Suite" tests="50" assertions="108" errors="0" warnings="0" failures="0" skipped="0" time="2.415336">
      <testsuite name="App\Tests\Card\CardHandTest" file="/Applications/XAMPP/xamppfiles/htdocs/dbwebb-kurser/mvc/me/report/tests/Card/CardHandTest.php" tests="2" assertions="3" errors="0" warnings="0" failures="0" skipped="0" time="0.012288">
        <testcase name="testAddAndGetCards" class="App\Tests\Card\CardHandTest" classname="App.Tests.Card.CardHandTest" file="/Applications/XAMPP/xamppfiles/htdocs/dbwebb-kurser/mvc/me/report/tests/Card/CardHandTest.php" line="11" assertions="2" time="0.011082"/>
        <testcase name="testToString" class="App\Tests\Card\CardHandTest" classname="App.Tests.Card.CardHandTest" file="/Applications/XAMPP/xamppfiles/htdocs/dbwebb-kurser/mvc/me/report/tests/Card/CardHandTest.php" line="24" assertions="1" time="0.001206"/>
      </testsuite>
      <testsuite name="App\Tests\Card\CardTest" file="/Applications/XAMPP/xamppfiles/htdocs/dbwebb-kurser/mvc/me/report/tests/Card/CardTest.php" tests="2" assertions="4" errors="0" warnings="0" failures="0" skipped="0" time="0.000733">
        <testcase name="testCardCreation" class="App\Tests\Card\CardTest" classname="App.Tests.Card.CardTest" file="/Applications/XAMPP/xamppfiles/htdocs/dbwebb-kurser/mvc/me/report/tests/Card/CardTest.php" line="10" assertions="3" time="0.000378"/>
        <testcase name="testToString" class="App\Tests\Card\CardTest" classname="App.Tests.Card.CardTest" file="/Applications/XAMPP/xamppfiles/htdocs/dbwebb-kurser/mvc/me/report/tests/Card/CardTest.php" line="18" assertions="1" time="0.000355"/>
      </testsuite>
      <testsuite name="App\Tests\Card\DeckOfCardsTest" file="/Applications/XAMPP/xamppfiles/htdocs/dbwebb-kurser/mvc/me/report/tests/Card/DeckOfCardsTest.php" tests="4" assertions="8" errors="0" warnings="0" failures="0" skipped="0" time="0.015607">
        <testcase name="testDeckInitialization" class="App\Tests\Card\DeckOfCardsTest" classname="App.Tests.Card.DeckOfCardsTest" file="/Applications/XAMPP/xamppfiles/htdocs/dbwebb-kurser/mvc/me/report/tests/Card/DeckOfCardsTest.php" line="11" assertions="1" time="0.001213"/>
        <testcase name="testShuffle" class="App\Tests\Card\DeckOfCardsTest" classname="App.Tests.Card.DeckOfCardsTest" file="/Applications/XAMPP/xamppfiles/htdocs/dbwebb-kurser/mvc/me/report/tests/Card/DeckOfCardsTest.php" line="17" assertions="2" time="0.009762"/>
        <testcase name="testDeal" class="App\Tests\Card\DeckOfCardsTest" classname="App.Tests.Card.DeckOfCardsTest" file="/Applications/XAMPP/xamppfiles/htdocs/dbwebb-kurser/mvc/me/report/tests/Card/DeckOfCardsTest.php" line="27" assertions="3" time="0.000581"/>
        <testcase name="testSortCards" class="App\Tests\Card\DeckOfCardsTest" classname="App.Tests.Card.DeckOfCardsTest" file="/Applications/XAMPP/xamppfiles/htdocs/dbwebb-kurser/mvc/me/report/tests/Card/DeckOfCardsTest.php" line="36" assertions="2" time="0.004051"/>
      </testsuite>
      <testsuite name="App\Tests\Controller\CardControllerTest" file="/Applications/XAMPP/xamppfiles/htdocs/dbwebb-kurser/mvc/me/report/tests/Controller/CardControllerTest.php" tests="5" assertions="18" errors="0" warnings="0" failures="0" skipped="0" time="0.961091">
        <testcase name="testGetSortedDeck" class="App\Tests\Controller\CardControllerTest" classname="App.Tests.Controller.CardControllerTest" file="/Applications/XAMPP/xamppfiles/htdocs/dbwebb-kurser/mvc/me/report/tests/Controller/CardControllerTest.php" line="10" assertions="4" time="0.862487"/>
        <testcase name="testShuffleDeck" class="App\Tests\Controller\CardControllerTest" classname="App.Tests.Controller.CardControllerTest" file="/Applications/XAMPP/xamppfiles/htdocs/dbwebb-kurser/mvc/me/report/tests/Controller/CardControllerTest.php" line="32" assertions="3" time="0.044501"/>
        <testcase name="testDrawOneCard" class="App\Tests\Controller\CardControllerTest" classname="App.Tests.Controller.CardControllerTest" file="/Applications/XAMPP/xamppfiles/htdocs/dbwebb-kurser/mvc/me/report/tests/Controller/CardControllerTest.php" line="48" assertions="5" time="0.023757"/>
        <testcase name="testDrawCards" class="App\Tests\Controller\CardControllerTest" classname="App.Tests.Controller.CardControllerTest" file="/Applications/XAMPP/xamppfiles/htdocs/dbwebb-kurser/mvc/me/report/tests/Controller/CardControllerTest.php" line="70" assertions="5" time="0.021657"/>
        <testcase name="testMapSuitWithInvalidSuit" class="App\Tests\Controller\CardControllerTest" classname="App.Tests.Controller.CardControllerTest" file="/Applications/XAMPP/xamppfiles/htdocs/dbwebb-kurser/mvc/me/report/tests/Controller/CardControllerTest.php" line="92" assertions="1" time="0.008689"/>
      </testsuite>
      <testsuite name="App\Tests\Controller\CardGameControllerTest" file="/Applications/XAMPP/xamppfiles/htdocs/dbwebb-kurser/mvc/me/report/tests/Controller/CardGameControllerTest.php" tests="7" assertions="9" errors="0" warnings="0" failures="0" skipped="0" time="0.230449">
        <testcase name="testIndex" class="App\Tests\Controller\CardGameControllerTest" classname="App.Tests.Controller.CardGameControllerTest" file="/Applications/XAMPP/xamppfiles/htdocs/dbwebb-kurser/mvc/me/report/tests/Controller/CardGameControllerTest.php" line="10" assertions="1" time="0.097502"/>
        <testcase name="testShowDeck" class="App\Tests\Controller\CardGameControllerTest" classname="App.Tests.Controller.CardGameControllerTest" file="/Applications/XAMPP/xamppfiles/htdocs/dbwebb-kurser/mvc/me/report/tests/Controller/CardGameControllerTest.php" line="17" assertions="1" time="0.033316"/>
        <testcase name="testShuffleDeck" class="App\Tests\Controller\CardGameControllerTest" classname="App.Tests.Controller.CardGameControllerTest" file="/Applications/XAMPP/xamppfiles/htdocs/dbwebb-kurser/mvc/me/report/tests/Controller/CardGameControllerTest.php" line="24" assertions="1" time="0.026216"/>
        <testcase name="testDrawOneCard" class="App\Tests\Controller\CardGameControllerTest" classname="App.Tests.Controller.CardGameControllerTest" file="/Applications/XAMPP/xamppfiles/htdocs/dbwebb-kurser/mvc/me/report/tests/Controller/CardGameControllerTest.php" line="31" assertions="3" time="0.039062"/>
        <testcase name="testDrawCards" class="App\Tests\Controller\CardGameControllerTest" classname="App.Tests.Controller.CardGameControllerTest" file="/Applications/XAMPP/xamppfiles/htdocs/dbwebb-kurser/mvc/me/report/tests/Controller/CardGameControllerTest.php" line="40" assertions="1" time="0.025291"/>
        <testcase name="testMapSuitWithInvalidSuit" class="App\Tests\Controller\CardGameControllerTest" classname="App.Tests.Controller.CardGameControllerTest" file="/Applications/XAMPP/xamppfiles/htdocs/dbwebb-kurser/mvc/me/report/tests/Controller/CardGameControllerTest.php" line="47" assertions="1" time="0.006228"/>
        <testcase name="testMapSuitDefaultCase" class="App\Tests\Controller\CardGameControllerTest" classname="App.Tests.Controller.CardGameControllerTest" file="/Applications/XAMPP/xamppfiles/htdocs/dbwebb-kurser/mvc/me/report/tests/Controller/CardGameControllerTest.php" line="59" assertions="1" time="0.002833"/>
      </testsuite>
      <testsuite name="App\Tests\Controller\GameControllerTest" file="/Applications/XAMPP/xamppfiles/htdocs/dbwebb-kurser/mvc/me/report/tests/Controller/GameControllerTest.php" tests="10" assertions="12" errors="0" warnings="0" failures="0" skipped="0" time="0.774232">
        <testcase name="testIndex" class="App\Tests\Controller\GameControllerTest" classname="App.Tests.Controller.GameControllerTest" file="/Applications/XAMPP/xamppfiles/htdocs/dbwebb-kurser/mvc/me/report/tests/Controller/GameControllerTest.php" line="9" assertions="1" time="0.023403"/>
        <testcase name="testStartGame" class="App\Tests\Controller\GameControllerTest" classname="App.Tests.Controller.GameControllerTest" file="/Applications/XAMPP/xamppfiles/htdocs/dbwebb-kurser/mvc/me/report/tests/Controller/GameControllerTest.php" line="16" assertions="1" time="0.024128"/>
        <testcase name="testDrawCard" class="App\Tests\Controller\GameControllerTest" classname="App.Tests.Controller.GameControllerTest" file="/Applications/XAMPP/xamppfiles/htdocs/dbwebb-kurser/mvc/me/report/tests/Controller/GameControllerTest.php" line="23" assertions="1" time="0.020054"/>
        <testcase name="testDocumentation" class="App\Tests\Controller\GameControllerTest" classname="App.Tests.Controller.GameControllerTest" file="/Applications/XAMPP/xamppfiles/htdocs/dbwebb-kurser/mvc/me/report/tests/Controller/GameControllerTest.php" line="30" assertions="1" time="0.030305"/>
        <testcase name="testStandGame" class="App\Tests\Controller\GameControllerTest" classname="App.Tests.Controller.GameControllerTest" file="/Applications/XAMPP/xamppfiles/htdocs/dbwebb-kurser/mvc/me/report/tests/Controller/GameControllerTest.php" line="37" assertions="1" time="0.024873"/>
        <testcase name="testGetGameState" class="App\Tests\Controller\GameControllerTest" classname="App.Tests.Controller.GameControllerTest" file="/Applications/XAMPP/xamppfiles/htdocs/dbwebb-kurser/mvc/me/report/tests/Controller/GameControllerTest.php" line="44" assertions="2" time="0.015923"/>
        <testcase name="testDrawCardGameOver" class="App\Tests\Controller\GameControllerTest" classname="App.Tests.Controller.GameControllerTest" file="/Applications/XAMPP/xamppfiles/htdocs/dbwebb-kurser/mvc/me/report/tests/Controller/GameControllerTest.php" line="52" assertions="1" time="0.329917"/>
        <testcase name="testStandGameBankWins" class="App\Tests\Controller\GameControllerTest" classname="App.Tests.Controller.GameControllerTest" file="/Applications/XAMPP/xamppfiles/htdocs/dbwebb-kurser/mvc/me/report/tests/Controller/GameControllerTest.php" line="65" assertions="1" time="0.089489"/>
        <testcase name="testGetGameStateWithAllConditions" class="App\Tests\Controller\GameControllerTest" classname="App.Tests.Controller.GameControllerTest" file="/Applications/XAMPP/xamppfiles/htdocs/dbwebb-kurser/mvc/me/report/tests/Controller/GameControllerTest.php" line="78" assertions="2" time="0.103103"/>
        <testcase name="testPlayerWinsByBank" class="App\Tests\Controller\GameControllerTest" classname="App.Tests.Controller.GameControllerTest" file="/Applications/XAMPP/xamppfiles/htdocs/dbwebb-kurser/mvc/me/report/tests/Controller/GameControllerTest.php" line="102" assertions="1" time="0.113036"/>
      </testsuite>
      <testsuite name="App\Tests\Controller\LuckyControllerJsonTest" file="/Applications/XAMPP/xamppfiles/htdocs/dbwebb-kurser/mvc/me/report/tests/Controller/LuckyControllerJsonTest.php" tests="2" assertions="10" errors="0" warnings="0" failures="0" skipped="0" time="0.039227">
        <testcase name="testLandingPage" class="App\Tests\Controller\LuckyControllerJsonTest" classname="App.Tests.Controller.LuckyControllerJsonTest" file="/Applications/XAMPP/xamppfiles/htdocs/dbwebb-kurser/mvc/me/report/tests/Controller/LuckyControllerJsonTest.php" line="9" assertions="3" time="0.029268"/>
        <testcase name="testGetQuote" class="App\Tests\Controller\LuckyControllerJsonTest" classname="App.Tests.Controller.LuckyControllerJsonTest" file="/Applications/XAMPP/xamppfiles/htdocs/dbwebb-kurser/mvc/me/report/tests/Controller/LuckyControllerJsonTest.php" line="17" assertions="7" time="0.009959"/>
      </testsuite>
      <testsuite name="App\Tests\Controller\LuckyControllerTwigTest" file="/Applications/XAMPP/xamppfiles/htdocs/dbwebb-kurser/mvc/me/report/tests/Controller/LuckyControllerTwigTest.php" tests="4" assertions="13" errors="0" warnings="0" failures="0" skipped="0" time="0.093489">
        <testcase name="testHome" class="App\Tests\Controller\LuckyControllerTwigTest" classname="App.Tests.Controller.LuckyControllerTwigTest" file="/Applications/XAMPP/xamppfiles/htdocs/dbwebb-kurser/mvc/me/report/tests/Controller/LuckyControllerTwigTest.php" line="9" assertions="3" time="0.022629"/>
        <testcase name="testReport" class="App\Tests\Controller\LuckyControllerTwigTest" classname="App.Tests.Controller.LuckyControllerTwigTest" file="/Applications/XAMPP/xamppfiles/htdocs/dbwebb-kurser/mvc/me/report/tests/Controller/LuckyControllerTwigTest.php" line="17" assertions="3" time="0.030477"/>
        <testcase name="testAbout" class="App\Tests\Controller\LuckyControllerTwigTest" classname="App.Tests.Controller.LuckyControllerTwigTest" file="/Applications/XAMPP/xamppfiles/htdocs/dbwebb-kurser/mvc/me/report/tests/Controller/LuckyControllerTwigTest.php" line="25" assertions="3" time="0.019723"/>
        <testcase name="testLucky" class="App\Tests\Controller\LuckyControllerTwigTest" classname="App.Tests.Controller.LuckyControllerTwigTest" file="/Applications/XAMPP/xamppfiles/htdocs/dbwebb-kurser/mvc/me/report/tests/Controller/LuckyControllerTwigTest.php" line="33" assertions="4" time="0.020660"/>
      </testsuite>
      <testsuite name="App\Tests\Controller\SessionDebugControllerTest" file="/Applications/XAMPP/xamppfiles/htdocs/dbwebb-kurser/mvc/me/report/tests/Controller/SessionDebugTest.php" tests="2" assertions="9" errors="0" warnings="0" failures="0" skipped="0" time="0.088335">
        <testcase name="testIndex" class="App\Tests\Controller\SessionDebugControllerTest" classname="App.Tests.Controller.SessionDebugControllerTest" file="/Applications/XAMPP/xamppfiles/htdocs/dbwebb-kurser/mvc/me/report/tests/Controller/SessionDebugTest.php" line="9" assertions="4" time="0.021659"/>
        <testcase name="testDelete" class="App\Tests\Controller\SessionDebugControllerTest" classname="App.Tests.Controller.SessionDebugControllerTest" file="/Applications/XAMPP/xamppfiles/htdocs/dbwebb-kurser/mvc/me/report/tests/Controller/SessionDebugTest.php" line="18" assertions="5" time="0.066677"/>
      </testsuite>
      <testsuite name="App\Tests\Entity\BookTest" file="/Applications/XAMPP/xamppfiles/htdocs/dbwebb-kurser/mvc/me/report/tests/Entity/BookTest.php" tests="5" assertions="5" errors="0" warnings="0" failures="0" skipped="0" time="0.004036">
        <testcase name="testBookInstance" class="App\Tests\Entity\BookTest" classname="App.Tests.Entity.BookTest" file="/Applications/XAMPP/xamppfiles/htdocs/dbwebb-kurser/mvc/me/report/tests/Entity/BookTest.php" line="10" assertions="1" time="0.001822"/>
        <testcase name="testNameGetterAndSetter" class="App\Tests\Entity\BookTest" classname="App.Tests.Entity.BookTest" file="/Applications/XAMPP/xamppfiles/htdocs/dbwebb-kurser/mvc/me/report/tests/Entity/BookTest.php" line="17" assertions="1" time="0.000444"/>
        <testcase name="testAuthorGetterAndSetter" class="App\Tests\Entity\BookTest" classname="App.Tests.Entity.BookTest" file="/Applications/XAMPP/xamppfiles/htdocs/dbwebb-kurser/mvc/me/report/tests/Entity/BookTest.php" line="25" assertions="1" time="0.000438"/>
        <testcase name="testISBNGetterAndSetter" class="App\Tests\Entity\BookTest" classname="App.Tests.Entity.BookTest" file="/Applications/XAMPP/xamppfiles/htdocs/dbwebb-kurser/mvc/me/report/tests/Entity/BookTest.php" line="33" assertions="1" time="0.000648"/>
        <testcase name="testImageGetterAndSetter" class="App\Tests\Entity\BookTest" classname="App.Tests.Entity.BookTest" file="/Applications/XAMPP/xamppfiles/htdocs/dbwebb-kurser/mvc/me/report/tests/Entity/BookTest.php" line="41" assertions="1" time="0.000683"/>
      </testsuite>
      <testsuite name="App\Tests\Form\BookTypeTest" file="/Applications/XAMPP/xamppfiles/htdocs/dbwebb-kurser/mvc/me/report/tests/Form/BookTypeTest.php" tests="2" assertions="12" errors="0" warnings="0" failures="0" skipped="0" time="0.193648">
        <testcase name="testBuildForm" class="App\Tests\Form\BookTypeTest" classname="App.Tests.Form.BookTypeTest" file="/Applications/XAMPP/xamppfiles/htdocs/dbwebb-kurser/mvc/me/report/tests/Form/BookTypeTest.php" line="12" assertions="5" time="0.169651"/>
        <testcase name="testSubmitValidData" class="App\Tests\Form\BookTypeTest" classname="App.Tests.Form.BookTypeTest" file="/Applications/XAMPP/xamppfiles/htdocs/dbwebb-kurser/mvc/me/report/tests/Form/BookTypeTest.php" line="23" assertions="7" time="0.023996"/>
      </testsuite>
      <testsuite name="App\Tests\Entity\BookRepositoryTest" file="/Applications/XAMPP/xamppfiles/htdocs/dbwebb-kurser/mvc/me/report/tests/Repository/BookRepositoryTest.php" tests="5" assertions="5" errors="0" warnings="0" failures="0" skipped="0" time="0.002203">
        <testcase name="testBookInstance" class="App\Tests\Entity\BookRepositoryTest" classname="App.Tests.Entity.BookRepositoryTest" file="/Applications/XAMPP/xamppfiles/htdocs/dbwebb-kurser/mvc/me/report/tests/Repository/BookRepositoryTest.php" line="10" assertions="1" time="0.000433"/>
        <testcase name="testNameGetterAndSetter" class="App\Tests\Entity\BookRepositoryTest" classname="App.Tests.Entity.BookRepositoryTest" file="/Applications/XAMPP/xamppfiles/htdocs/dbwebb-kurser/mvc/me/report/tests/Repository/BookRepositoryTest.php" line="17" assertions="1" time="0.000489"/>
        <testcase name="testAuthorGetterAndSetter" class="App\Tests\Entity\BookRepositoryTest" classname="App.Tests.Entity.BookRepositoryTest" file="/Applications/XAMPP/xamppfiles/htdocs/dbwebb-kurser/mvc/me/report/tests/Repository/BookRepositoryTest.php" line="25" assertions="1" time="0.000467"/>
        <testcase name="testISBNGetterAndSetter" class="App\Tests\Entity\BookRepositoryTest" classname="App.Tests.Entity.BookRepositoryTest" file="/Applications/XAMPP/xamppfiles/htdocs/dbwebb-kurser/mvc/me/report/tests/Repository/BookRepositoryTest.php" line="33" assertions="1" time="0.000431"/>
        <testcase name="testImageGetterAndSetter" class="App\Tests\Entity\BookRepositoryTest" classname="App.Tests.Entity.BookRepositoryTest" file="/Applications/XAMPP/xamppfiles/htdocs/dbwebb-kurser/mvc/me/report/tests/Repository/BookRepositoryTest.php" line="41" assertions="1" time="0.000384"/>
      </testsuite>
    </testsuite>
  </testsuite>
</testsuites>
