<?xml version="1.0" encoding="UTF-8"?>
<testsuites>
  <testsuite name="" tests="79" assertions="150" errors="0" warnings="0" failures="0" skipped="0" time="2.799609">
    <testsuite name="Project Test Suite" tests="79" assertions="150" errors="0" warnings="0" failures="0" skipped="0" time="2.799609">
      <testsuite name="App\Tests\Card\CardHandTest" file="/Applications/XAMPP/xamppfiles/htdocs/dbwebb-kurser/mvc/me/report/tests/Card/CardHandTest.php" tests="2" assertions="3" errors="0" warnings="0" failures="0" skipped="0" time="0.013788">
        <testcase name="testAddAndGetCards" class="App\Tests\Card\CardHandTest" classname="App.Tests.Card.CardHandTest" file="/Applications/XAMPP/xamppfiles/htdocs/dbwebb-kurser/mvc/me/report/tests/Card/CardHandTest.php" line="11" assertions="2" time="0.012460"/>
        <testcase name="testToString" class="App\Tests\Card\CardHandTest" classname="App.Tests.Card.CardHandTest" file="/Applications/XAMPP/xamppfiles/htdocs/dbwebb-kurser/mvc/me/report/tests/Card/CardHandTest.php" line="24" assertions="1" time="0.001328"/>
      </testsuite>
      <testsuite name="App\Tests\Card\CardTest" file="/Applications/XAMPP/xamppfiles/htdocs/dbwebb-kurser/mvc/me/report/tests/Card/CardTest.php" tests="2" assertions="4" errors="0" warnings="0" failures="0" skipped="0" time="0.000752">
        <testcase name="testCardCreation" class="App\Tests\Card\CardTest" classname="App.Tests.Card.CardTest" file="/Applications/XAMPP/xamppfiles/htdocs/dbwebb-kurser/mvc/me/report/tests/Card/CardTest.php" line="10" assertions="3" time="0.000393"/>
        <testcase name="testToString" class="App\Tests\Card\CardTest" classname="App.Tests.Card.CardTest" file="/Applications/XAMPP/xamppfiles/htdocs/dbwebb-kurser/mvc/me/report/tests/Card/CardTest.php" line="18" assertions="1" time="0.000360"/>
      </testsuite>
      <testsuite name="App\Tests\Card\DeckOfCardsTest" file="/Applications/XAMPP/xamppfiles/htdocs/dbwebb-kurser/mvc/me/report/tests/Card/DeckOfCardsTest.php" tests="4" assertions="8" errors="0" warnings="0" failures="0" skipped="0" time="0.019065">
        <testcase name="testDeckInitialization" class="App\Tests\Card\DeckOfCardsTest" classname="App.Tests.Card.DeckOfCardsTest" file="/Applications/XAMPP/xamppfiles/htdocs/dbwebb-kurser/mvc/me/report/tests/Card/DeckOfCardsTest.php" line="11" assertions="1" time="0.002098"/>
        <testcase name="testShuffle" class="App\Tests\Card\DeckOfCardsTest" classname="App.Tests.Card.DeckOfCardsTest" file="/Applications/XAMPP/xamppfiles/htdocs/dbwebb-kurser/mvc/me/report/tests/Card/DeckOfCardsTest.php" line="17" assertions="2" time="0.012387"/>
        <testcase name="testDeal" class="App\Tests\Card\DeckOfCardsTest" classname="App.Tests.Card.DeckOfCardsTest" file="/Applications/XAMPP/xamppfiles/htdocs/dbwebb-kurser/mvc/me/report/tests/Card/DeckOfCardsTest.php" line="27" assertions="3" time="0.000650"/>
        <testcase name="testSortCards" class="App\Tests\Card\DeckOfCardsTest" classname="App.Tests.Card.DeckOfCardsTest" file="/Applications/XAMPP/xamppfiles/htdocs/dbwebb-kurser/mvc/me/report/tests/Card/DeckOfCardsTest.php" line="36" assertions="2" time="0.003930"/>
      </testsuite>
      <testsuite name="App\Tests\Controller\CardControllerTest" file="/Applications/XAMPP/xamppfiles/htdocs/dbwebb-kurser/mvc/me/report/tests/Controller/CardControllerTest.php" tests="5" assertions="18" errors="0" warnings="0" failures="0" skipped="0" time="0.967819">
        <testcase name="testGetSortedDeck" class="App\Tests\Controller\CardControllerTest" classname="App.Tests.Controller.CardControllerTest" file="/Applications/XAMPP/xamppfiles/htdocs/dbwebb-kurser/mvc/me/report/tests/Controller/CardControllerTest.php" line="10" assertions="4" time="0.872883"/>
        <testcase name="testShuffleDeck" class="App\Tests\Controller\CardControllerTest" classname="App.Tests.Controller.CardControllerTest" file="/Applications/XAMPP/xamppfiles/htdocs/dbwebb-kurser/mvc/me/report/tests/Controller/CardControllerTest.php" line="32" assertions="3" time="0.049519"/>
        <testcase name="testDrawOneCard" class="App\Tests\Controller\CardControllerTest" classname="App.Tests.Controller.CardControllerTest" file="/Applications/XAMPP/xamppfiles/htdocs/dbwebb-kurser/mvc/me/report/tests/Controller/CardControllerTest.php" line="48" assertions="5" time="0.018979"/>
        <testcase name="testDrawCards" class="App\Tests\Controller\CardControllerTest" classname="App.Tests.Controller.CardControllerTest" file="/Applications/XAMPP/xamppfiles/htdocs/dbwebb-kurser/mvc/me/report/tests/Controller/CardControllerTest.php" line="70" assertions="5" time="0.017409"/>
        <testcase name="testMapSuitWithInvalidSuit" class="App\Tests\Controller\CardControllerTest" classname="App.Tests.Controller.CardControllerTest" file="/Applications/XAMPP/xamppfiles/htdocs/dbwebb-kurser/mvc/me/report/tests/Controller/CardControllerTest.php" line="92" assertions="1" time="0.009030"/>
      </testsuite>
      <testsuite name="App\Tests\Controller\CardGameControllerTest" file="/Applications/XAMPP/xamppfiles/htdocs/dbwebb-kurser/mvc/me/report/tests/Controller/CardGameControllerTest.php" tests="7" assertions="9" errors="0" warnings="0" failures="0" skipped="0" time="0.255183">
        <testcase name="testIndex" class="App\Tests\Controller\CardGameControllerTest" classname="App.Tests.Controller.CardGameControllerTest" file="/Applications/XAMPP/xamppfiles/htdocs/dbwebb-kurser/mvc/me/report/tests/Controller/CardGameControllerTest.php" line="10" assertions="1" time="0.114988"/>
        <testcase name="testShowDeck" class="App\Tests\Controller\CardGameControllerTest" classname="App.Tests.Controller.CardGameControllerTest" file="/Applications/XAMPP/xamppfiles/htdocs/dbwebb-kurser/mvc/me/report/tests/Controller/CardGameControllerTest.php" line="17" assertions="1" time="0.028756"/>
        <testcase name="testShuffleDeck" class="App\Tests\Controller\CardGameControllerTest" classname="App.Tests.Controller.CardGameControllerTest" file="/Applications/XAMPP/xamppfiles/htdocs/dbwebb-kurser/mvc/me/report/tests/Controller/CardGameControllerTest.php" line="24" assertions="1" time="0.028695"/>
        <testcase name="testDrawOneCard" class="App\Tests\Controller\CardGameControllerTest" classname="App.Tests.Controller.CardGameControllerTest" file="/Applications/XAMPP/xamppfiles/htdocs/dbwebb-kurser/mvc/me/report/tests/Controller/CardGameControllerTest.php" line="31" assertions="3" time="0.044412"/>
        <testcase name="testDrawCards" class="App\Tests\Controller\CardGameControllerTest" classname="App.Tests.Controller.CardGameControllerTest" file="/Applications/XAMPP/xamppfiles/htdocs/dbwebb-kurser/mvc/me/report/tests/Controller/CardGameControllerTest.php" line="40" assertions="1" time="0.029287"/>
        <testcase name="testMapSuitWithInvalidSuit" class="App\Tests\Controller\CardGameControllerTest" classname="App.Tests.Controller.CardGameControllerTest" file="/Applications/XAMPP/xamppfiles/htdocs/dbwebb-kurser/mvc/me/report/tests/Controller/CardGameControllerTest.php" line="47" assertions="1" time="0.006463"/>
        <testcase name="testMapSuitDefaultCase" class="App\Tests\Controller\CardGameControllerTest" classname="App.Tests.Controller.CardGameControllerTest" file="/Applications/XAMPP/xamppfiles/htdocs/dbwebb-kurser/mvc/me/report/tests/Controller/CardGameControllerTest.php" line="59" assertions="1" time="0.002581"/>
      </testsuite>
      <testsuite name="App\Tests\Controller\GameControllerTest" file="/Applications/XAMPP/xamppfiles/htdocs/dbwebb-kurser/mvc/me/report/tests/Controller/GameControllerTest.php" tests="10" assertions="12" errors="0" warnings="0" failures="0" skipped="0" time="0.846164">
        <testcase name="testIndex" class="App\Tests\Controller\GameControllerTest" classname="App.Tests.Controller.GameControllerTest" file="/Applications/XAMPP/xamppfiles/htdocs/dbwebb-kurser/mvc/me/report/tests/Controller/GameControllerTest.php" line="9" assertions="1" time="0.026713"/>
        <testcase name="testStartGame" class="App\Tests\Controller\GameControllerTest" classname="App.Tests.Controller.GameControllerTest" file="/Applications/XAMPP/xamppfiles/htdocs/dbwebb-kurser/mvc/me/report/tests/Controller/GameControllerTest.php" line="16" assertions="1" time="0.025514"/>
        <testcase name="testDrawCard" class="App\Tests\Controller\GameControllerTest" classname="App.Tests.Controller.GameControllerTest" file="/Applications/XAMPP/xamppfiles/htdocs/dbwebb-kurser/mvc/me/report/tests/Controller/GameControllerTest.php" line="23" assertions="1" time="0.022580"/>
        <testcase name="testDocumentation" class="App\Tests\Controller\GameControllerTest" classname="App.Tests.Controller.GameControllerTest" file="/Applications/XAMPP/xamppfiles/htdocs/dbwebb-kurser/mvc/me/report/tests/Controller/GameControllerTest.php" line="30" assertions="1" time="0.033810"/>
        <testcase name="testStandGame" class="App\Tests\Controller\GameControllerTest" classname="App.Tests.Controller.GameControllerTest" file="/Applications/XAMPP/xamppfiles/htdocs/dbwebb-kurser/mvc/me/report/tests/Controller/GameControllerTest.php" line="37" assertions="1" time="0.024078"/>
        <testcase name="testGetGameState" class="App\Tests\Controller\GameControllerTest" classname="App.Tests.Controller.GameControllerTest" file="/Applications/XAMPP/xamppfiles/htdocs/dbwebb-kurser/mvc/me/report/tests/Controller/GameControllerTest.php" line="44" assertions="2" time="0.014370"/>
        <testcase name="testDrawCardGameOver" class="App\Tests\Controller\GameControllerTest" classname="App.Tests.Controller.GameControllerTest" file="/Applications/XAMPP/xamppfiles/htdocs/dbwebb-kurser/mvc/me/report/tests/Controller/GameControllerTest.php" line="52" assertions="1" time="0.346691"/>
        <testcase name="testStandGameBankWins" class="App\Tests\Controller\GameControllerTest" classname="App.Tests.Controller.GameControllerTest" file="/Applications/XAMPP/xamppfiles/htdocs/dbwebb-kurser/mvc/me/report/tests/Controller/GameControllerTest.php" line="65" assertions="1" time="0.108174"/>
        <testcase name="testGetGameStateWithAllConditions" class="App\Tests\Controller\GameControllerTest" classname="App.Tests.Controller.GameControllerTest" file="/Applications/XAMPP/xamppfiles/htdocs/dbwebb-kurser/mvc/me/report/tests/Controller/GameControllerTest.php" line="78" assertions="2" time="0.139976"/>
        <testcase name="testPlayerWinsByBank" class="App\Tests\Controller\GameControllerTest" classname="App.Tests.Controller.GameControllerTest" file="/Applications/XAMPP/xamppfiles/htdocs/dbwebb-kurser/mvc/me/report/tests/Controller/GameControllerTest.php" line="102" assertions="1" time="0.104258"/>
      </testsuite>
      <testsuite name="App\Tests\Controller\LuckyControllerJsonTest" file="/Applications/XAMPP/xamppfiles/htdocs/dbwebb-kurser/mvc/me/report/tests/Controller/LuckyControllerJsonTest.php" tests="2" assertions="10" errors="0" warnings="0" failures="0" skipped="0" time="0.051121">
        <testcase name="testLandingPage" class="App\Tests\Controller\LuckyControllerJsonTest" classname="App.Tests.Controller.LuckyControllerJsonTest" file="/Applications/XAMPP/xamppfiles/htdocs/dbwebb-kurser/mvc/me/report/tests/Controller/LuckyControllerJsonTest.php" line="9" assertions="3" time="0.042055"/>
        <testcase name="testGetQuote" class="App\Tests\Controller\LuckyControllerJsonTest" classname="App.Tests.Controller.LuckyControllerJsonTest" file="/Applications/XAMPP/xamppfiles/htdocs/dbwebb-kurser/mvc/me/report/tests/Controller/LuckyControllerJsonTest.php" line="17" assertions="7" time="0.009067"/>
      </testsuite>
      <testsuite name="App\Tests\Controller\LuckyControllerTwigTest" file="/Applications/XAMPP/xamppfiles/htdocs/dbwebb-kurser/mvc/me/report/tests/Controller/LuckyControllerTwigTest.php" tests="4" assertions="13" errors="0" warnings="0" failures="0" skipped="0" time="0.093613">
        <testcase name="testHome" class="App\Tests\Controller\LuckyControllerTwigTest" classname="App.Tests.Controller.LuckyControllerTwigTest" file="/Applications/XAMPP/xamppfiles/htdocs/dbwebb-kurser/mvc/me/report/tests/Controller/LuckyControllerTwigTest.php" line="9" assertions="3" time="0.021548"/>
        <testcase name="testReport" class="App\Tests\Controller\LuckyControllerTwigTest" classname="App.Tests.Controller.LuckyControllerTwigTest" file="/Applications/XAMPP/xamppfiles/htdocs/dbwebb-kurser/mvc/me/report/tests/Controller/LuckyControllerTwigTest.php" line="17" assertions="3" time="0.027582"/>
        <testcase name="testAbout" class="App\Tests\Controller\LuckyControllerTwigTest" classname="App.Tests.Controller.LuckyControllerTwigTest" file="/Applications/XAMPP/xamppfiles/htdocs/dbwebb-kurser/mvc/me/report/tests/Controller/LuckyControllerTwigTest.php" line="25" assertions="3" time="0.020683"/>
        <testcase name="testLucky" class="App\Tests\Controller\LuckyControllerTwigTest" classname="App.Tests.Controller.LuckyControllerTwigTest" file="/Applications/XAMPP/xamppfiles/htdocs/dbwebb-kurser/mvc/me/report/tests/Controller/LuckyControllerTwigTest.php" line="33" assertions="4" time="0.023801"/>
      </testsuite>
      <testsuite name="App\Tests\Controller\MetricControllerTest" file="/Applications/XAMPP/xamppfiles/htdocs/dbwebb-kurser/mvc/me/report/tests/Controller/MetricControllerTest.php" tests="2" assertions="2" errors="0" warnings="0" failures="0" skipped="0" time="0.059941">
        <testcase name="testMetricRoute" class="App\Tests\Controller\MetricControllerTest" classname="App.Tests.Controller.MetricControllerTest" file="/Applications/XAMPP/xamppfiles/htdocs/dbwebb-kurser/mvc/me/report/tests/Controller/MetricControllerTest.php" line="9" assertions="1" time="0.037264"/>
        <testcase name="testMetricTemplateRendering" class="App\Tests\Controller\MetricControllerTest" classname="App.Tests.Controller.MetricControllerTest" file="/Applications/XAMPP/xamppfiles/htdocs/dbwebb-kurser/mvc/me/report/tests/Controller/MetricControllerTest.php" line="18" assertions="1" time="0.022677"/>
      </testsuite>
      <testsuite name="App\Tests\Controller\SessionDebugControllerTest" file="/Applications/XAMPP/xamppfiles/htdocs/dbwebb-kurser/mvc/me/report/tests/Controller/SessionDebugTest.php" tests="2" assertions="9" errors="0" warnings="0" failures="0" skipped="0" time="0.080959">
        <testcase name="testIndex" class="App\Tests\Controller\SessionDebugControllerTest" classname="App.Tests.Controller.SessionDebugControllerTest" file="/Applications/XAMPP/xamppfiles/htdocs/dbwebb-kurser/mvc/me/report/tests/Controller/SessionDebugTest.php" line="9" assertions="4" time="0.022503"/>
        <testcase name="testDelete" class="App\Tests\Controller\SessionDebugControllerTest" classname="App.Tests.Controller.SessionDebugControllerTest" file="/Applications/XAMPP/xamppfiles/htdocs/dbwebb-kurser/mvc/me/report/tests/Controller/SessionDebugTest.php" line="18" assertions="5" time="0.058456"/>
      </testsuite>
      <testsuite name="App\Tests\Entity\BookTest" file="/Applications/XAMPP/xamppfiles/htdocs/dbwebb-kurser/mvc/me/report/tests/Entity/BookTest.php" tests="5" assertions="5" errors="0" warnings="0" failures="0" skipped="0" time="0.003283">
        <testcase name="testBookInstance" class="App\Tests\Entity\BookTest" classname="App.Tests.Entity.BookTest" file="/Applications/XAMPP/xamppfiles/htdocs/dbwebb-kurser/mvc/me/report/tests/Entity/BookTest.php" line="10" assertions="1" time="0.001629"/>
        <testcase name="testNameGetterAndSetter" class="App\Tests\Entity\BookTest" classname="App.Tests.Entity.BookTest" file="/Applications/XAMPP/xamppfiles/htdocs/dbwebb-kurser/mvc/me/report/tests/Entity/BookTest.php" line="17" assertions="1" time="0.000474"/>
        <testcase name="testAuthorGetterAndSetter" class="App\Tests\Entity\BookTest" classname="App.Tests.Entity.BookTest" file="/Applications/XAMPP/xamppfiles/htdocs/dbwebb-kurser/mvc/me/report/tests/Entity/BookTest.php" line="25" assertions="1" time="0.000400"/>
        <testcase name="testISBNGetterAndSetter" class="App\Tests\Entity\BookTest" classname="App.Tests.Entity.BookTest" file="/Applications/XAMPP/xamppfiles/htdocs/dbwebb-kurser/mvc/me/report/tests/Entity/BookTest.php" line="33" assertions="1" time="0.000380"/>
        <testcase name="testImageGetterAndSetter" class="App\Tests\Entity\BookTest" classname="App.Tests.Entity.BookTest" file="/Applications/XAMPP/xamppfiles/htdocs/dbwebb-kurser/mvc/me/report/tests/Entity/BookTest.php" line="41" assertions="1" time="0.000400"/>
      </testsuite>
      <testsuite name="App\Tests\Form\BookTypeTest" file="/Applications/XAMPP/xamppfiles/htdocs/dbwebb-kurser/mvc/me/report/tests/Form/BookTypeTest.php" tests="2" assertions="12" errors="0" warnings="0" failures="0" skipped="0" time="0.196300">
        <testcase name="testBuildForm" class="App\Tests\Form\BookTypeTest" classname="App.Tests.Form.BookTypeTest" file="/Applications/XAMPP/xamppfiles/htdocs/dbwebb-kurser/mvc/me/report/tests/Form/BookTypeTest.php" line="12" assertions="5" time="0.156111"/>
        <testcase name="testSubmitValidData" class="App\Tests\Form\BookTypeTest" classname="App.Tests.Form.BookTypeTest" file="/Applications/XAMPP/xamppfiles/htdocs/dbwebb-kurser/mvc/me/report/tests/Form/BookTypeTest.php" line="23" assertions="7" time="0.040189"/>
      </testsuite>
      <testsuite name="Tests\App\Proj\AccessControlServiceTest" file="/Applications/XAMPP/xamppfiles/htdocs/dbwebb-kurser/mvc/me/report/tests/Proj/AccessControlServiceTest.php" tests="4" assertions="4" errors="0" warnings="0" failures="0" skipped="0" time="0.023099">
        <testcase name="testCheckNoAccessToRoom2" class="Tests\App\Proj\AccessControlServiceTest" classname="Tests.App.Proj.AccessControlServiceTest" file="/Applications/XAMPP/xamppfiles/htdocs/dbwebb-kurser/mvc/me/report/tests/Proj/AccessControlServiceTest.php" line="20" assertions="1" time="0.020909"/>
        <testcase name="testCheckNoAccessToRoom3" class="Tests\App\Proj\AccessControlServiceTest" classname="Tests.App.Proj.AccessControlServiceTest" file="/Applications/XAMPP/xamppfiles/htdocs/dbwebb-kurser/mvc/me/report/tests/Proj/AccessControlServiceTest.php" line="32" assertions="1" time="0.000782"/>
        <testcase name="testCheckNoAccessToRoom4" class="Tests\App\Proj\AccessControlServiceTest" classname="Tests.App.Proj.AccessControlServiceTest" file="/Applications/XAMPP/xamppfiles/htdocs/dbwebb-kurser/mvc/me/report/tests/Proj/AccessControlServiceTest.php" line="44" assertions="1" time="0.000693"/>
        <testcase name="testCheckNoAccessToRoom5" class="Tests\App\Proj\AccessControlServiceTest" classname="Tests.App.Proj.AccessControlServiceTest" file="/Applications/XAMPP/xamppfiles/htdocs/dbwebb-kurser/mvc/me/report/tests/Proj/AccessControlServiceTest.php" line="56" assertions="1" time="0.000715"/>
      </testsuite>
      <testsuite name="ItemsTest" file="/Applications/XAMPP/xamppfiles/htdocs/dbwebb-kurser/mvc/me/report/tests/Proj/EntityItemsTest.php" tests="3" assertions="3" errors="0" warnings="0" failures="0" skipped="0" time="0.002698">
        <testcase name="testSetAndGetPlayername" class="ItemsTest" classname="ItemsTest" file="/Applications/XAMPP/xamppfiles/htdocs/dbwebb-kurser/mvc/me/report/tests/Proj/EntityItemsTest.php" line="8" assertions="1" time="0.001774"/>
        <testcase name="testSetAndGetItemname" class="ItemsTest" classname="ItemsTest" file="/Applications/XAMPP/xamppfiles/htdocs/dbwebb-kurser/mvc/me/report/tests/Proj/EntityItemsTest.php" line="17" assertions="1" time="0.000493"/>
        <testcase name="testSetAndGetAmount" class="ItemsTest" classname="ItemsTest" file="/Applications/XAMPP/xamppfiles/htdocs/dbwebb-kurser/mvc/me/report/tests/Proj/EntityItemsTest.php" line="26" assertions="1" time="0.000431"/>
      </testsuite>
      <testsuite name="PlayersTest" file="/Applications/XAMPP/xamppfiles/htdocs/dbwebb-kurser/mvc/me/report/tests/Proj/EntityPlayersTest.php" tests="1" assertions="1" errors="0" warnings="0" failures="0" skipped="0" time="0.002125">
        <testcase name="testSetAndGetPlayername" class="PlayersTest" classname="PlayersTest" file="/Applications/XAMPP/xamppfiles/htdocs/dbwebb-kurser/mvc/me/report/tests/Proj/EntityPlayersTest.php" line="8" assertions="1" time="0.002125"/>
      </testsuite>
      <testsuite name="App\Tests\Proj\GameServiceTest" file="/Applications/XAMPP/xamppfiles/htdocs/dbwebb-kurser/mvc/me/report/tests/Proj/GameServiceTest.php" tests="5" assertions="5" errors="0" warnings="0" failures="0" skipped="0" time="0.003624">
        <testcase name="testGetCurrentRoom" class="App\Tests\Proj\GameServiceTest" classname="App.Tests.Proj.GameServiceTest" file="/Applications/XAMPP/xamppfiles/htdocs/dbwebb-kurser/mvc/me/report/tests/Proj/GameServiceTest.php" line="10" assertions="1" time="0.001801"/>
        <testcase name="testSetCurrentRoom" class="App\Tests\Proj\GameServiceTest" classname="App.Tests.Proj.GameServiceTest" file="/Applications/XAMPP/xamppfiles/htdocs/dbwebb-kurser/mvc/me/report/tests/Proj/GameServiceTest.php" line="16" assertions="1" time="0.000456"/>
        <testcase name="testGetAvailableDirections" class="App\Tests\Proj\GameServiceTest" classname="App.Tests.Proj.GameServiceTest" file="/Applications/XAMPP/xamppfiles/htdocs/dbwebb-kurser/mvc/me/report/tests/Proj/GameServiceTest.php" line="23" assertions="1" time="0.000422"/>
        <testcase name="testMoveToValidDirection" class="App\Tests\Proj\GameServiceTest" classname="App.Tests.Proj.GameServiceTest" file="/Applications/XAMPP/xamppfiles/htdocs/dbwebb-kurser/mvc/me/report/tests/Proj/GameServiceTest.php" line="30" assertions="1" time="0.000538"/>
        <testcase name="testMoveToInvalidDirection" class="App\Tests\Proj\GameServiceTest" classname="App.Tests.Proj.GameServiceTest" file="/Applications/XAMPP/xamppfiles/htdocs/dbwebb-kurser/mvc/me/report/tests/Proj/GameServiceTest.php" line="37" assertions="1" time="0.000407"/>
      </testsuite>
      <testsuite name="App\Tests\Proj\ItemServiceTest" file="/Applications/XAMPP/xamppfiles/htdocs/dbwebb-kurser/mvc/me/report/tests/Proj/ItemServiceTest.php" tests="6" assertions="6" errors="0" warnings="0" failures="0" skipped="0" time="0.013610">
        <testcase name="testAddItemToPlayer_RyggsackFull" class="App\Tests\Proj\ItemServiceTest" classname="App.Tests.Proj.ItemServiceTest" file="/Applications/XAMPP/xamppfiles/htdocs/dbwebb-kurser/mvc/me/report/tests/Proj/ItemServiceTest.php" line="22" assertions="1" time="0.007477"/>
        <testcase name="testGetPlayerItems" class="App\Tests\Proj\ItemServiceTest" classname="App.Tests.Proj.ItemServiceTest" file="/Applications/XAMPP/xamppfiles/htdocs/dbwebb-kurser/mvc/me/report/tests/Proj/ItemServiceTest.php" line="35" assertions="1" time="0.001028"/>
        <testcase name="testPlayerHasItem" class="App\Tests\Proj\ItemServiceTest" classname="App.Tests.Proj.ItemServiceTest" file="/Applications/XAMPP/xamppfiles/htdocs/dbwebb-kurser/mvc/me/report/tests/Proj/ItemServiceTest.php" line="48" assertions="1" time="0.000942"/>
        <testcase name="testAddItemToPlayer_AddItemSuccess" class="App\Tests\Proj\ItemServiceTest" classname="App.Tests.Proj.ItemServiceTest" file="/Applications/XAMPP/xamppfiles/htdocs/dbwebb-kurser/mvc/me/report/tests/Proj/ItemServiceTest.php" line="60" assertions="1" time="0.000968"/>
        <testcase name="testRemoveItemByName_ItemExists" class="App\Tests\Proj\ItemServiceTest" classname="App.Tests.Proj.ItemServiceTest" file="/Applications/XAMPP/xamppfiles/htdocs/dbwebb-kurser/mvc/me/report/tests/Proj/ItemServiceTest.php" line="73" assertions="1" time="0.002242"/>
        <testcase name="testPlayerHasItem_PlayerHasItem" class="App\Tests\Proj\ItemServiceTest" classname="App.Tests.Proj.ItemServiceTest" file="/Applications/XAMPP/xamppfiles/htdocs/dbwebb-kurser/mvc/me/report/tests/Proj/ItemServiceTest.php" line="88" assertions="1" time="0.000952"/>
      </testsuite>
      <testsuite name="App\Tests\Controller\ProjControllerJsonTest" file="/Applications/XAMPP/xamppfiles/htdocs/dbwebb-kurser/mvc/me/report/tests/Proj/ProjControllerJsonTest.php" tests="3" assertions="7" errors="0" warnings="0" failures="0" skipped="0" time="0.055148">
        <testcase name="testApiHome" class="App\Tests\Controller\ProjControllerJsonTest" classname="App.Tests.Controller.ProjControllerJsonTest" file="/Applications/XAMPP/xamppfiles/htdocs/dbwebb-kurser/mvc/me/report/tests/Proj/ProjControllerJsonTest.php" line="9" assertions="3" time="0.033034"/>
        <testcase name="testGetAllItemsFromJson" class="App\Tests\Controller\ProjControllerJsonTest" classname="App.Tests.Controller.ProjControllerJsonTest" file="/Applications/XAMPP/xamppfiles/htdocs/dbwebb-kurser/mvc/me/report/tests/Proj/ProjControllerJsonTest.php" line="18" assertions="2" time="0.011431"/>
        <testcase name="testGetAllButtonsFromJson" class="App\Tests\Controller\ProjControllerJsonTest" classname="App.Tests.Controller.ProjControllerJsonTest" file="/Applications/XAMPP/xamppfiles/htdocs/dbwebb-kurser/mvc/me/report/tests/Proj/ProjControllerJsonTest.php" line="27" assertions="2" time="0.010683"/>
      </testsuite>
      <testsuite name="App\Tests\Controller\ProjControllerTest" file="/Applications/XAMPP/xamppfiles/htdocs/dbwebb-kurser/mvc/me/report/tests/Proj/ProjControllerTest.php" tests="5" assertions="14" errors="0" warnings="0" failures="0" skipped="0" time="0.109314">
        <testcase name="testIndex" class="App\Tests\Controller\ProjControllerTest" classname="App.Tests.Controller.ProjControllerTest" file="/Applications/XAMPP/xamppfiles/htdocs/dbwebb-kurser/mvc/me/report/tests/Proj/ProjControllerTest.php" line="11" assertions="3" time="0.022265"/>
        <testcase name="testAbout" class="App\Tests\Controller\ProjControllerTest" classname="App.Tests.Controller.ProjControllerTest" file="/Applications/XAMPP/xamppfiles/htdocs/dbwebb-kurser/mvc/me/report/tests/Proj/ProjControllerTest.php" line="19" assertions="3" time="0.019916"/>
        <testcase name="testAboutDatabase" class="App\Tests\Controller\ProjControllerTest" classname="App.Tests.Controller.ProjControllerTest" file="/Applications/XAMPP/xamppfiles/htdocs/dbwebb-kurser/mvc/me/report/tests/Proj/ProjControllerTest.php" line="27" assertions="3" time="0.020465"/>
        <testcase name="testDocumentation" class="App\Tests\Controller\ProjControllerTest" classname="App.Tests.Controller.ProjControllerTest" file="/Applications/XAMPP/xamppfiles/htdocs/dbwebb-kurser/mvc/me/report/tests/Proj/ProjControllerTest.php" line="35" assertions="3" time="0.022611"/>
        <testcase name="testMove" class="App\Tests\Controller\ProjControllerTest" classname="App.Tests.Controller.ProjControllerTest" file="/Applications/XAMPP/xamppfiles/htdocs/dbwebb-kurser/mvc/me/report/tests/Proj/ProjControllerTest.php" line="43" assertions="2" time="0.024057"/>
      </testsuite>
      <testsuite name="App\Tests\Entity\BookRepositoryTest" file="/Applications/XAMPP/xamppfiles/htdocs/dbwebb-kurser/mvc/me/report/tests/Repository/BookRepositoryTest.php" tests="5" assertions="5" errors="0" warnings="0" failures="0" skipped="0" time="0.002003">
        <testcase name="testBookInstance" class="App\Tests\Entity\BookRepositoryTest" classname="App.Tests.Entity.BookRepositoryTest" file="/Applications/XAMPP/xamppfiles/htdocs/dbwebb-kurser/mvc/me/report/tests/Repository/BookRepositoryTest.php" line="10" assertions="1" time="0.000444"/>
        <testcase name="testNameGetterAndSetter" class="App\Tests\Entity\BookRepositoryTest" classname="App.Tests.Entity.BookRepositoryTest" file="/Applications/XAMPP/xamppfiles/htdocs/dbwebb-kurser/mvc/me/report/tests/Repository/BookRepositoryTest.php" line="17" assertions="1" time="0.000417"/>
        <testcase name="testAuthorGetterAndSetter" class="App\Tests\Entity\BookRepositoryTest" classname="App.Tests.Entity.BookRepositoryTest" file="/Applications/XAMPP/xamppfiles/htdocs/dbwebb-kurser/mvc/me/report/tests/Repository/BookRepositoryTest.php" line="25" assertions="1" time="0.000376"/>
        <testcase name="testISBNGetterAndSetter" class="App\Tests\Entity\BookRepositoryTest" classname="App.Tests.Entity.BookRepositoryTest" file="/Applications/XAMPP/xamppfiles/htdocs/dbwebb-kurser/mvc/me/report/tests/Repository/BookRepositoryTest.php" line="33" assertions="1" time="0.000378"/>
        <testcase name="testImageGetterAndSetter" class="App\Tests\Entity\BookRepositoryTest" classname="App.Tests.Entity.BookRepositoryTest" file="/Applications/XAMPP/xamppfiles/htdocs/dbwebb-kurser/mvc/me/report/tests/Repository/BookRepositoryTest.php" line="41" assertions="1" time="0.000388"/>
      </testsuite>
    </testsuite>
  </testsuite>
</testsuites>
