    <logging>
        <junit outputFile="docs/junit.xml" />
    </logging>